{"/Users/prashantsharma/Personal-Project /SwapNet/src/App.tsx": {"path":"/Users/prashantsharma/Personal-Project /SwapNet/src/App.tsx","statementMap":{"0":{"start":{"line":15,"column":6},"end":{"line":17,"column":null}},"1":{"start":{"line":16,"column":2},"end":{"line":17,"column":null}},"2":{"start":{"line":16,"column":52},"end":{"line":17,"column":null}},"3":{"start":{"line":18,"column":6},"end":{"line":20,"column":null}},"4":{"start":{"line":19,"column":2},"end":{"line":20,"column":null}},"5":{"start":{"line":19,"column":49},"end":{"line":20,"column":null}},"6":{"start":{"line":21,"column":6},"end":{"line":25,"column":null}},"7":{"start":{"line":22,"column":2},"end":{"line":25,"column":null}},"8":{"start":{"line":23,"column":4},"end":{"line":25,"column":null}},"9":{"start":{"line":26,"column":6},"end":{"line":30,"column":null}},"10":{"start":{"line":27,"column":2},"end":{"line":30,"column":null}},"11":{"start":{"line":28,"column":4},"end":{"line":30,"column":null}},"12":{"start":{"line":31,"column":6},"end":{"line":33,"column":null}},"13":{"start":{"line":32,"column":2},"end":{"line":33,"column":null}},"14":{"start":{"line":32,"column":52},"end":{"line":33,"column":null}},"15":{"start":{"line":34,"column":6},"end":{"line":36,"column":null}},"16":{"start":{"line":35,"column":2},"end":{"line":36,"column":null}},"17":{"start":{"line":35,"column":52},"end":{"line":36,"column":null}},"18":{"start":{"line":37,"column":6},"end":{"line":39,"column":null}},"19":{"start":{"line":38,"column":2},"end":{"line":39,"column":null}},"20":{"start":{"line":38,"column":49},"end":{"line":39,"column":null}},"21":{"start":{"line":40,"column":6},"end":{"line":42,"column":null}},"22":{"start":{"line":41,"column":2},"end":{"line":42,"column":null}},"23":{"start":{"line":41,"column":54},"end":{"line":42,"column":null}},"24":{"start":{"line":43,"column":6},"end":{"line":45,"column":null}},"25":{"start":{"line":44,"column":2},"end":{"line":45,"column":null}},"26":{"start":{"line":44,"column":49},"end":{"line":45,"column":null}},"27":{"start":{"line":46,"column":6},"end":{"line":48,"column":null}},"28":{"start":{"line":47,"column":2},"end":{"line":48,"column":null}},"29":{"start":{"line":47,"column":58},"end":{"line":48,"column":null}},"30":{"start":{"line":49,"column":6},"end":{"line":51,"column":null}},"31":{"start":{"line":50,"column":2},"end":{"line":51,"column":null}},"32":{"start":{"line":50,"column":53},"end":{"line":51,"column":null}},"33":{"start":{"line":52,"column":6},"end":{"line":54,"column":null}},"34":{"start":{"line":53,"column":2},"end":{"line":54,"column":null}},"35":{"start":{"line":53,"column":53},"end":{"line":54,"column":null}},"36":{"start":{"line":57,"column":2},"end":{"line":64,"column":null}},"37":{"start":{"line":69,"column":8},"end":{"line":69,"column":null}},"38":{"start":{"line":70,"column":27},"end":{"line":70,"column":null}},"39":{"start":{"line":72,"column":2},"end":{"line":81,"column":null}},"40":{"start":{"line":73,"column":4},"end":{"line":79,"column":null}},"41":{"start":{"line":83,"column":2},"end":{"line":85,"column":null}},"42":{"start":{"line":84,"column":4},"end":{"line":84,"column":null}},"43":{"start":{"line":87,"column":2},"end":{"line":87,"column":null}},"44":{"start":{"line":91,"column":8},"end":{"line":91,"column":null}},"45":{"start":{"line":93,"column":2},"end":{"line":126,"column":null}},"46":{"start":{"line":131,"column":2},"end":{"line":141,"column":null}}},"fnMap":{"0":{"name":"(anonymous_0)","decl":{"start":{"line":15,"column":25},"end":{"line":15,"column":null}},"loc":{"start":{"line":16,"column":2},"end":{"line":17,"column":null}},"line":16},"1":{"name":"(anonymous_1)","decl":{"start":{"line":16,"column":38},"end":{"line":16,"column":50}},"loc":{"start":{"line":16,"column":52},"end":{"line":17,"column":null}},"line":16},"2":{"name":"(anonymous_2)","decl":{"start":{"line":18,"column":22},"end":{"line":18,"column":null}},"loc":{"start":{"line":19,"column":2},"end":{"line":20,"column":null}},"line":19},"3":{"name":"(anonymous_3)","decl":{"start":{"line":19,"column":35},"end":{"line":19,"column":47}},"loc":{"start":{"line":19,"column":49},"end":{"line":20,"column":null}},"line":19},"4":{"name":"(anonymous_4)","decl":{"start":{"line":21,"column":32},"end":{"line":21,"column":null}},"loc":{"start":{"line":22,"column":2},"end":{"line":25,"column":null}},"line":22},"5":{"name":"(anonymous_5)","decl":{"start":{"line":22,"column":45},"end":{"line":22,"column":57}},"loc":{"start":{"line":23,"column":4},"end":{"line":25,"column":null}},"line":23},"6":{"name":"(anonymous_6)","decl":{"start":{"line":26,"column":31},"end":{"line":26,"column":null}},"loc":{"start":{"line":27,"column":2},"end":{"line":30,"column":null}},"line":27},"7":{"name":"(anonymous_7)","decl":{"start":{"line":27,"column":44},"end":{"line":27,"column":56}},"loc":{"start":{"line":28,"column":4},"end":{"line":30,"column":null}},"line":28},"8":{"name":"(anonymous_8)","decl":{"start":{"line":31,"column":25},"end":{"line":31,"column":null}},"loc":{"start":{"line":32,"column":2},"end":{"line":33,"column":null}},"line":32},"9":{"name":"(anonymous_9)","decl":{"start":{"line":32,"column":38},"end":{"line":32,"column":50}},"loc":{"start":{"line":32,"column":52},"end":{"line":33,"column":null}},"line":32},"10":{"name":"(anonymous_10)","decl":{"start":{"line":34,"column":25},"end":{"line":34,"column":null}},"loc":{"start":{"line":35,"column":2},"end":{"line":36,"column":null}},"line":35},"11":{"name":"(anonymous_11)","decl":{"start":{"line":35,"column":38},"end":{"line":35,"column":50}},"loc":{"start":{"line":35,"column":52},"end":{"line":36,"column":null}},"line":35},"12":{"name":"(anonymous_12)","decl":{"start":{"line":37,"column":22},"end":{"line":37,"column":null}},"loc":{"start":{"line":38,"column":2},"end":{"line":39,"column":null}},"line":38},"13":{"name":"(anonymous_13)","decl":{"start":{"line":38,"column":35},"end":{"line":38,"column":47}},"loc":{"start":{"line":38,"column":49},"end":{"line":39,"column":null}},"line":38},"14":{"name":"(anonymous_14)","decl":{"start":{"line":40,"column":27},"end":{"line":40,"column":null}},"loc":{"start":{"line":41,"column":2},"end":{"line":42,"column":null}},"line":41},"15":{"name":"(anonymous_15)","decl":{"start":{"line":41,"column":40},"end":{"line":41,"column":52}},"loc":{"start":{"line":41,"column":54},"end":{"line":42,"column":null}},"line":41},"16":{"name":"(anonymous_16)","decl":{"start":{"line":43,"column":22},"end":{"line":43,"column":null}},"loc":{"start":{"line":44,"column":2},"end":{"line":45,"column":null}},"line":44},"17":{"name":"(anonymous_17)","decl":{"start":{"line":44,"column":35},"end":{"line":44,"column":47}},"loc":{"start":{"line":44,"column":49},"end":{"line":45,"column":null}},"line":44},"18":{"name":"(anonymous_18)","decl":{"start":{"line":46,"column":31},"end":{"line":46,"column":null}},"loc":{"start":{"line":47,"column":2},"end":{"line":48,"column":null}},"line":47},"19":{"name":"(anonymous_19)","decl":{"start":{"line":47,"column":44},"end":{"line":47,"column":56}},"loc":{"start":{"line":47,"column":58},"end":{"line":48,"column":null}},"line":47},"20":{"name":"(anonymous_20)","decl":{"start":{"line":49,"column":26},"end":{"line":49,"column":null}},"loc":{"start":{"line":50,"column":2},"end":{"line":51,"column":null}},"line":50},"21":{"name":"(anonymous_21)","decl":{"start":{"line":50,"column":39},"end":{"line":50,"column":51}},"loc":{"start":{"line":50,"column":53},"end":{"line":51,"column":null}},"line":50},"22":{"name":"(anonymous_22)","decl":{"start":{"line":52,"column":26},"end":{"line":52,"column":null}},"loc":{"start":{"line":53,"column":2},"end":{"line":54,"column":null}},"line":53},"23":{"name":"(anonymous_23)","decl":{"start":{"line":53,"column":39},"end":{"line":53,"column":51}},"loc":{"start":{"line":53,"column":53},"end":{"line":54,"column":null}},"line":53},"24":{"name":"RouteFallback","decl":{"start":{"line":56,"column":9},"end":{"line":56,"column":25}},"loc":{"start":{"line":56,"column":25},"end":{"line":66,"column":null}},"line":56},"25":{"name":"ProtectedLayout","decl":{"start":{"line":68,"column":9},"end":{"line":68,"column":27}},"loc":{"start":{"line":68,"column":27},"end":{"line":88,"column":null}},"line":68},"26":{"name":"AnimatedRoutes","decl":{"start":{"line":90,"column":9},"end":{"line":90,"column":26}},"loc":{"start":{"line":90,"column":26},"end":{"line":128,"column":null}},"line":90},"27":{"name":"App","decl":{"start":{"line":130,"column":9},"end":{"line":130,"column":15}},"loc":{"start":{"line":130,"column":15},"end":{"line":143,"column":null}},"line":130}},"branchMap":{"0":{"loc":{"start":{"line":72,"column":2},"end":{"line":81,"column":null}},"type":"if","locations":[{"start":{"line":72,"column":2},"end":{"line":81,"column":null}},{"start":{},"end":{}}],"line":72},"1":{"loc":{"start":{"line":83,"column":2},"end":{"line":85,"column":null}},"type":"if","locations":[{"start":{"line":83,"column":2},"end":{"line":85,"column":null}},{"start":{},"end":{}}],"line":83}},"s":{"0":0,"1":0,"2":0,"3":0,"4":0,"5":0,"6":0,"7":0,"8":0,"9":0,"10":0,"11":0,"12":0,"13":0,"14":0,"15":0,"16":0,"17":0,"18":0,"19":0,"20":0,"21":0,"22":0,"23":0,"24":0,"25":0,"26":0,"27":0,"28":0,"29":0,"30":0,"31":0,"32":0,"33":0,"34":0,"35":0,"36":0,"37":0,"38":0,"39":0,"40":0,"41":0,"42":0,"43":0,"44":0,"45":0,"46":0},"f":{"0":0,"1":0,"2":0,"3":0,"4":0,"5":0,"6":0,"7":0,"8":0,"9":0,"10":0,"11":0,"12":0,"13":0,"14":0,"15":0,"16":0,"17":0,"18":0,"19":0,"20":0,"21":0,"22":0,"23":0,"24":0,"25":0,"26":0,"27":0},"b":{"0":[0,0],"1":[0,0]},"meta":{"lastBranch":2,"lastFunction":28,"lastStatement":47,"seen":{"s:15:6:17:Infinity":0,"f:15:25:15:Infinity":0,"s:16:2:17:Infinity":1,"f:16:38:16:50":1,"s:16:52:17:Infinity":2,"s:18:6:20:Infinity":3,"f:18:22:18:Infinity":2,"s:19:2:20:Infinity":4,"f:19:35:19:47":3,"s:19:49:20:Infinity":5,"s:21:6:25:Infinity":6,"f:21:32:21:Infinity":4,"s:22:2:25:Infinity":7,"f:22:45:22:57":5,"s:23:4:25:Infinity":8,"s:26:6:30:Infinity":9,"f:26:31:26:Infinity":6,"s:27:2:30:Infinity":10,"f:27:44:27:56":7,"s:28:4:30:Infinity":11,"s:31:6:33:Infinity":12,"f:31:25:31:Infinity":8,"s:32:2:33:Infinity":13,"f:32:38:32:50":9,"s:32:52:33:Infinity":14,"s:34:6:36:Infinity":15,"f:34:25:34:Infinity":10,"s:35:2:36:Infinity":16,"f:35:38:35:50":11,"s:35:52:36:Infinity":17,"s:37:6:39:Infinity":18,"f:37:22:37:Infinity":12,"s:38:2:39:Infinity":19,"f:38:35:38:47":13,"s:38:49:39:Infinity":20,"s:40:6:42:Infinity":21,"f:40:27:40:Infinity":14,"s:41:2:42:Infinity":22,"f:41:40:41:52":15,"s:41:54:42:Infinity":23,"s:43:6:45:Infinity":24,"f:43:22:43:Infinity":16,"s:44:2:45:Infinity":25,"f:44:35:44:47":17,"s:44:49:45:Infinity":26,"s:46:6:48:Infinity":27,"f:46:31:46:Infinity":18,"s:47:2:48:Infinity":28,"f:47:44:47:56":19,"s:47:58:48:Infinity":29,"s:49:6:51:Infinity":30,"f:49:26:49:Infinity":20,"s:50:2:51:Infinity":31,"f:50:39:50:51":21,"s:50:53:51:Infinity":32,"s:52:6:54:Infinity":33,"f:52:26:52:Infinity":22,"s:53:2:54:Infinity":34,"f:53:39:53:51":23,"s:53:53:54:Infinity":35,"f:56:9:56:25":24,"s:57:2:64:Infinity":36,"f:68:9:68:27":25,"s:69:8:69:Infinity":37,"s:70:27:70:Infinity":38,"b:72:2:81:Infinity:undefined:undefined:undefined:undefined":0,"s:72:2:81:Infinity":39,"s:73:4:79:Infinity":40,"b:83:2:85:Infinity:undefined:undefined:undefined:undefined":1,"s:83:2:85:Infinity":41,"s:84:4:84:Infinity":42,"s:87:2:87:Infinity":43,"f:90:9:90:26":26,"s:91:8:91:Infinity":44,"s:93:2:126:Infinity":45,"f:130:9:130:15":27,"s:131:2:141:Infinity":46}}}
,"/Users/prashantsharma/Personal-Project /SwapNet/src/main.tsx": {"path":"/Users/prashantsharma/Personal-Project /SwapNet/src/main.tsx","statementMap":{"0":{"start":{"line":11,"column":0},"end":{"line":22,"column":null}}},"fnMap":{},"branchMap":{},"s":{"0":0},"f":{},"b":{},"meta":{"lastBranch":0,"lastFunction":0,"lastStatement":1,"seen":{"s:11:0:22:Infinity":0}}}
,"/Users/prashantsharma/Personal-Project /SwapNet/src/components/common/AppLogo.tsx": {"path":"/Users/prashantsharma/Personal-Project /SwapNet/src/components/common/AppLogo.tsx","statementMap":{"0":{"start":{"line":12,"column":2},"end":{"line":23,"column":null}}},"fnMap":{"0":{"name":"AppLogo","decl":{"start":{"line":11,"column":16},"end":{"line":11,"column":24}},"loc":{"start":{"line":11,"column":72},"end":{"line":25,"column":null}},"line":11}},"branchMap":{"0":{"loc":{"start":{"line":11,"column":46},"end":{"line":11,"column":72}},"type":"default-arg","locations":[{"start":{"line":11,"column":51},"end":{"line":11,"column":72}}],"line":11},"1":{"loc":{"start":{"line":20,"column":7},"end":{"line":22,"column":null}},"type":"cond-expr","locations":[{"start":{"line":21,"column":8},"end":{"line":22,"column":null}},{"start":{"line":22,"column":10},"end":{"line":22,"column":null}}],"line":20}},"s":{"0":0},"f":{"0":0},"b":{"0":[0],"1":[0,0]},"meta":{"lastBranch":2,"lastFunction":1,"lastStatement":1,"seen":{"f:11:16:11:24":0,"b:11:51:11:72":0,"s:12:2:23:Infinity":0,"b:21:8:22:Infinity:22:10:22:Infinity":1}}}
,"/Users/prashantsharma/Personal-Project /SwapNet/src/components/common/AvailabilityCalendar.tsx": {"path":"/Users/prashantsharma/Personal-Project /SwapNet/src/components/common/AvailabilityCalendar.tsx","statementMap":{"0":{"start":{"line":4,"column":13},"end":{"line":4,"column":null}},"1":{"start":{"line":5,"column":14},"end":{"line":5,"column":null}},"2":{"start":{"line":7,"column":56},"end":{"line":15,"column":null}},"3":{"start":{"line":17,"column":58},"end":{"line":21,"column":null}},"4":{"start":{"line":23,"column":57},"end":{"line":27,"column":null}},"5":{"start":{"line":35,"column":2},"end":{"line":35,"column":null}},"6":{"start":{"line":39,"column":2},"end":{"line":39,"column":null}},"7":{"start":{"line":44,"column":19},"end":{"line":44,"column":null}},"8":{"start":{"line":44,"column":47},"end":{"line":44,"column":63}},"9":{"start":{"line":47,"column":16},"end":{"line":47,"column":null}},"10":{"start":{"line":48,"column":17},"end":{"line":48,"column":null}},"11":{"start":{"line":49,"column":4},"end":{"line":53,"column":null}},"12":{"start":{"line":50,"column":6},"end":{"line":50,"column":null}},"13":{"start":{"line":52,"column":6},"end":{"line":52,"column":null}},"14":{"start":{"line":54,"column":4},"end":{"line":54,"column":null}},"15":{"start":{"line":58,"column":21},"end":{"line":58,"column":null}},"16":{"start":{"line":58,"column":38},"end":{"line":58,"column":55}},"17":{"start":{"line":59,"column":24},"end":{"line":59,"column":null}},"18":{"start":{"line":59,"column":46},"end":{"line":59,"column":61}},"19":{"start":{"line":60,"column":17},"end":{"line":60,"column":null}},"20":{"start":{"line":61,"column":4},"end":{"line":65,"column":null}},"21":{"start":{"line":62,"column":6},"end":{"line":62,"column":null}},"22":{"start":{"line":62,"column":30},"end":{"line":62,"column":44}},"23":{"start":{"line":64,"column":6},"end":{"line":64,"column":null}},"24":{"start":{"line":64,"column":30},"end":{"line":64,"column":41}},"25":{"start":{"line":66,"column":4},"end":{"line":66,"column":null}},"26":{"start":{"line":70,"column":21},"end":{"line":70,"column":null}},"27":{"start":{"line":70,"column":37},"end":{"line":70,"column":55}},"28":{"start":{"line":71,"column":24},"end":{"line":71,"column":null}},"29":{"start":{"line":71,"column":46},"end":{"line":71,"column":61}},"30":{"start":{"line":72,"column":17},"end":{"line":72,"column":null}},"31":{"start":{"line":73,"column":4},"end":{"line":77,"column":null}},"32":{"start":{"line":74,"column":6},"end":{"line":74,"column":null}},"33":{"start":{"line":74,"column":30},"end":{"line":74,"column":44}},"34":{"start":{"line":76,"column":6},"end":{"line":76,"column":null}},"35":{"start":{"line":76,"column":30},"end":{"line":76,"column":41}},"36":{"start":{"line":78,"column":4},"end":{"line":78,"column":null}},"37":{"start":{"line":81,"column":24},"end":{"line":81,"column":null}},"38":{"start":{"line":82,"column":21},"end":{"line":82,"column":null}},"39":{"start":{"line":84,"column":2},"end":{"line":215,"column":null}},"40":{"start":{"line":96,"column":27},"end":{"line":96,"column":null}},"41":{"start":{"line":112,"column":33},"end":{"line":112,"column":null}},"42":{"start":{"line":112,"column":50},"end":{"line":112,"column":67}},"43":{"start":{"line":113,"column":36},"end":{"line":113,"column":null}},"44":{"start":{"line":113,"column":58},"end":{"line":113,"column":73}},"45":{"start":{"line":114,"column":37},"end":{"line":114,"column":null}},"46":{"start":{"line":114,"column":58},"end":{"line":114,"column":73}},"47":{"start":{"line":115,"column":16},"end":{"line":132,"column":null}},"48":{"start":{"line":126,"column":37},"end":{"line":126,"column":null}},"49":{"start":{"line":139,"column":31},"end":{"line":139,"column":null}},"50":{"start":{"line":139,"column":47},"end":{"line":139,"column":65}},"51":{"start":{"line":140,"column":34},"end":{"line":140,"column":null}},"52":{"start":{"line":140,"column":56},"end":{"line":140,"column":71}},"53":{"start":{"line":141,"column":14},"end":{"line":194,"column":null}},"54":{"start":{"line":152,"column":37},"end":{"line":152,"column":null}},"55":{"start":{"line":173,"column":32},"end":{"line":173,"column":null}},"56":{"start":{"line":174,"column":39},"end":{"line":174,"column":null}},"57":{"start":{"line":175,"column":20},"end":{"line":191,"column":null}},"58":{"start":{"line":184,"column":41},"end":{"line":184,"column":null}}},"fnMap":{"0":{"name":"toSlotKey","decl":{"start":{"line":34,"column":9},"end":{"line":34,"column":19}},"loc":{"start":{"line":34,"column":91},"end":{"line":36,"column":null}},"line":34},"1":{"name":"isLegacySlot","decl":{"start":{"line":38,"column":9},"end":{"line":38,"column":22}},"loc":{"start":{"line":38,"column":46},"end":{"line":40,"column":null}},"line":38},"2":{"name":"AvailabilityCalendar","decl":{"start":{"line":42,"column":16},"end":{"line":42,"column":37}},"loc":{"start":{"line":42,"column":85},"end":{"line":217,"column":null}},"line":42},"3":{"name":"(anonymous_3)","decl":{"start":{"line":44,"column":33},"end":{"line":44,"column":41}},"loc":{"start":{"line":44,"column":47},"end":{"line":44,"column":63}},"line":44},"4":{"name":"toggle","decl":{"start":{"line":46,"column":11},"end":{"line":46,"column":18}},"loc":{"start":{"line":46,"column":72},"end":{"line":55,"column":null}},"line":46},"5":{"name":"toggleDay","decl":{"start":{"line":57,"column":11},"end":{"line":57,"column":21}},"loc":{"start":{"line":57,"column":47},"end":{"line":67,"column":null}},"line":57},"6":{"name":"(anonymous_6)","decl":{"start":{"line":58,"column":27},"end":{"line":58,"column":32}},"loc":{"start":{"line":58,"column":38},"end":{"line":58,"column":55}},"line":58},"7":{"name":"(anonymous_7)","decl":{"start":{"line":59,"column":33},"end":{"line":59,"column":40}},"loc":{"start":{"line":59,"column":46},"end":{"line":59,"column":61}},"line":59},"8":{"name":"(anonymous_8)","decl":{"start":{"line":62,"column":15},"end":{"line":62,"column":24}},"loc":{"start":{"line":62,"column":30},"end":{"line":62,"column":44}},"line":62},"9":{"name":"(anonymous_9)","decl":{"start":{"line":64,"column":15},"end":{"line":64,"column":24}},"loc":{"start":{"line":64,"column":30},"end":{"line":64,"column":41}},"line":64},"10":{"name":"toggleSlot","decl":{"start":{"line":69,"column":11},"end":{"line":69,"column":22}},"loc":{"start":{"line":69,"column":50},"end":{"line":79,"column":null}},"line":69},"11":{"name":"(anonymous_11)","decl":{"start":{"line":70,"column":26},"end":{"line":70,"column":31}},"loc":{"start":{"line":70,"column":37},"end":{"line":70,"column":55}},"line":70},"12":{"name":"(anonymous_12)","decl":{"start":{"line":71,"column":33},"end":{"line":71,"column":40}},"loc":{"start":{"line":71,"column":46},"end":{"line":71,"column":61}},"line":71},"13":{"name":"(anonymous_13)","decl":{"start":{"line":74,"column":15},"end":{"line":74,"column":24}},"loc":{"start":{"line":74,"column":30},"end":{"line":74,"column":44}},"line":74},"14":{"name":"(anonymous_14)","decl":{"start":{"line":76,"column":15},"end":{"line":76,"column":24}},"loc":{"start":{"line":76,"column":30},"end":{"line":76,"column":41}},"line":76},"15":{"name":"(anonymous_15)","decl":{"start":{"line":96,"column":12},"end":{"line":96,"column":27}},"loc":{"start":{"line":96,"column":27},"end":{"line":96,"column":null}},"line":96},"16":{"name":"(anonymous_16)","decl":{"start":{"line":111,"column":20},"end":{"line":111,"column":25}},"loc":{"start":{"line":111,"column":33},"end":{"line":134,"column":15}},"line":111},"17":{"name":"(anonymous_17)","decl":{"start":{"line":112,"column":39},"end":{"line":112,"column":44}},"loc":{"start":{"line":112,"column":50},"end":{"line":112,"column":67}},"line":112},"18":{"name":"(anonymous_18)","decl":{"start":{"line":113,"column":45},"end":{"line":113,"column":52}},"loc":{"start":{"line":113,"column":58},"end":{"line":113,"column":73}},"line":113},"19":{"name":"(anonymous_19)","decl":{"start":{"line":114,"column":46},"end":{"line":114,"column":52}},"loc":{"start":{"line":114,"column":58},"end":{"line":114,"column":73}},"line":114},"20":{"name":"(anonymous_20)","decl":{"start":{"line":126,"column":22},"end":{"line":126,"column":37}},"loc":{"start":{"line":126,"column":37},"end":{"line":126,"column":null}},"line":126},"21":{"name":"(anonymous_21)","decl":{"start":{"line":138,"column":19},"end":{"line":138,"column":24}},"loc":{"start":{"line":138,"column":33},"end":{"line":196,"column":13}},"line":138},"22":{"name":"(anonymous_22)","decl":{"start":{"line":139,"column":36},"end":{"line":139,"column":41}},"loc":{"start":{"line":139,"column":47},"end":{"line":139,"column":65}},"line":139},"23":{"name":"(anonymous_23)","decl":{"start":{"line":140,"column":43},"end":{"line":140,"column":50}},"loc":{"start":{"line":140,"column":56},"end":{"line":140,"column":71}},"line":140},"24":{"name":"(anonymous_24)","decl":{"start":{"line":152,"column":22},"end":{"line":152,"column":37}},"loc":{"start":{"line":152,"column":37},"end":{"line":152,"column":null}},"line":152},"25":{"name":"(anonymous_25)","decl":{"start":{"line":172,"column":24},"end":{"line":172,"column":29}},"loc":{"start":{"line":172,"column":37},"end":{"line":193,"column":19}},"line":172},"26":{"name":"(anonymous_26)","decl":{"start":{"line":184,"column":26},"end":{"line":184,"column":41}},"loc":{"start":{"line":184,"column":41},"end":{"line":184,"column":null}},"line":184}},"branchMap":{"0":{"loc":{"start":{"line":49,"column":4},"end":{"line":53,"column":null}},"type":"if","locations":[{"start":{"line":49,"column":4},"end":{"line":53,"column":null}},{"start":{"line":51,"column":11},"end":{"line":53,"column":null}}],"line":49},"1":{"loc":{"start":{"line":61,"column":4},"end":{"line":65,"column":null}},"type":"if","locations":[{"start":{"line":61,"column":4},"end":{"line":65,"column":null}},{"start":{"line":63,"column":11},"end":{"line":65,"column":null}}],"line":61},"2":{"loc":{"start":{"line":73,"column":4},"end":{"line":77,"column":null}},"type":"if","locations":[{"start":{"line":73,"column":4},"end":{"line":77,"column":null}},{"start":{"line":75,"column":11},"end":{"line":77,"column":null}}],"line":73},"3":{"loc":{"start":{"line":89,"column":11},"end":{"line":91,"column":null}},"type":"cond-expr","locations":[{"start":{"line":90,"column":14},"end":{"line":90,"column":null}},{"start":{"line":91,"column":14},"end":{"line":91,"column":null}}],"line":89},"4":{"loc":{"start":{"line":93,"column":9},"end":{"line":101,"column":null}},"type":"cond-expr","locations":[{"start":{"line":94,"column":10},"end":{"line":101,"column":null}},{"start":{"line":101,"column":12},"end":{"line":101,"column":null}}],"line":93},"5":{"loc":{"start":{"line":120,"column":24},"end":{"line":124,"column":null}},"type":"cond-expr","locations":[{"start":{"line":121,"column":28},"end":{"line":121,"column":null}},{"start":{"line":122,"column":28},"end":{"line":124,"column":null}}],"line":120},"6":{"loc":{"start":{"line":122,"column":28},"end":{"line":124,"column":null}},"type":"cond-expr","locations":[{"start":{"line":123,"column":30},"end":{"line":123,"column":null}},{"start":{"line":124,"column":30},"end":{"line":124,"column":null}}],"line":122},"7":{"loc":{"start":{"line":148,"column":24},"end":{"line":150,"column":null}},"type":"cond-expr","locations":[{"start":{"line":149,"column":28},"end":{"line":149,"column":null}},{"start":{"line":150,"column":28},"end":{"line":150,"column":null}}],"line":148},"8":{"loc":{"start":{"line":158,"column":24},"end":{"line":158,"column":null}},"type":"cond-expr","locations":[{"start":{"line":158,"column":38},"end":{"line":158,"column":53}},{"start":{"line":158,"column":53},"end":{"line":158,"column":null}}],"line":158},"9":{"loc":{"start":{"line":164,"column":24},"end":{"line":164,"column":null}},"type":"cond-expr","locations":[{"start":{"line":164,"column":38},"end":{"line":164,"column":56}},{"start":{"line":164,"column":56},"end":{"line":164,"column":null}}],"line":164},"10":{"loc":{"start":{"line":180,"column":28},"end":{"line":182,"column":null}},"type":"cond-expr","locations":[{"start":{"line":181,"column":32},"end":{"line":181,"column":null}},{"start":{"line":182,"column":32},"end":{"line":182,"column":null}}],"line":180},"11":{"loc":{"start":{"line":186,"column":41},"end":{"line":186,"column":71}},"type":"cond-expr","locations":[{"start":{"line":186,"column":54},"end":{"line":186,"column":65}},{"start":{"line":186,"column":65},"end":{"line":186,"column":71}}],"line":186},"12":{"loc":{"start":{"line":189,"column":27},"end":{"line":189,"column":null}},"type":"cond-expr","locations":[{"start":{"line":189,"column":40},"end":{"line":189,"column":46}},{"start":{"line":189,"column":46},"end":{"line":189,"column":null}}],"line":189}},"s":{"0":0,"1":0,"2":0,"3":0,"4":0,"5":0,"6":0,"7":0,"8":0,"9":0,"10":0,"11":0,"12":0,"13":0,"14":0,"15":0,"16":0,"17":0,"18":0,"19":0,"20":0,"21":0,"22":0,"23":0,"24":0,"25":0,"26":0,"27":0,"28":0,"29":0,"30":0,"31":0,"32":0,"33":0,"34":0,"35":0,"36":0,"37":0,"38":0,"39":0,"40":0,"41":0,"42":0,"43":0,"44":0,"45":0,"46":0,"47":0,"48":0,"49":0,"50":0,"51":0,"52":0,"53":0,"54":0,"55":0,"56":0,"57":0,"58":0},"f":{"0":0,"1":0,"2":0,"3":0,"4":0,"5":0,"6":0,"7":0,"8":0,"9":0,"10":0,"11":0,"12":0,"13":0,"14":0,"15":0,"16":0,"17":0,"18":0,"19":0,"20":0,"21":0,"22":0,"23":0,"24":0,"25":0,"26":0},"b":{"0":[0,0],"1":[0,0],"2":[0,0],"3":[0,0],"4":[0,0],"5":[0,0],"6":[0,0],"7":[0,0],"8":[0,0],"9":[0,0],"10":[0,0],"11":[0,0],"12":[0,0]},"meta":{"lastBranch":13,"lastFunction":27,"lastStatement":59,"seen":{"s:4:13:4:Infinity":0,"s:5:14:5:Infinity":1,"s:7:56:15:Infinity":2,"s:17:58:21:Infinity":3,"s:23:57:27:Infinity":4,"f:34:9:34:19":0,"s:35:2:35:Infinity":5,"f:38:9:38:22":1,"s:39:2:39:Infinity":6,"f:42:16:42:37":2,"s:44:19:44:Infinity":7,"f:44:33:44:41":3,"s:44:47:44:63":8,"f:46:11:46:18":4,"s:47:16:47:Infinity":9,"s:48:17:48:Infinity":10,"b:49:4:53:Infinity:51:11:53:Infinity":0,"s:49:4:53:Infinity":11,"s:50:6:50:Infinity":12,"s:52:6:52:Infinity":13,"s:54:4:54:Infinity":14,"f:57:11:57:21":5,"s:58:21:58:Infinity":15,"f:58:27:58:32":6,"s:58:38:58:55":16,"s:59:24:59:Infinity":17,"f:59:33:59:40":7,"s:59:46:59:61":18,"s:60:17:60:Infinity":19,"b:61:4:65:Infinity:63:11:65:Infinity":1,"s:61:4:65:Infinity":20,"s:62:6:62:Infinity":21,"f:62:15:62:24":8,"s:62:30:62:44":22,"s:64:6:64:Infinity":23,"f:64:15:64:24":9,"s:64:30:64:41":24,"s:66:4:66:Infinity":25,"f:69:11:69:22":10,"s:70:21:70:Infinity":26,"f:70:26:70:31":11,"s:70:37:70:55":27,"s:71:24:71:Infinity":28,"f:71:33:71:40":12,"s:71:46:71:61":29,"s:72:17:72:Infinity":30,"b:73:4:77:Infinity:75:11:77:Infinity":2,"s:73:4:77:Infinity":31,"s:74:6:74:Infinity":32,"f:74:15:74:24":13,"s:74:30:74:44":33,"s:76:6:76:Infinity":34,"f:76:15:76:24":14,"s:76:30:76:41":35,"s:78:4:78:Infinity":36,"s:81:24:81:Infinity":37,"s:82:21:82:Infinity":38,"s:84:2:215:Infinity":39,"b:90:14:90:Infinity:91:14:91:Infinity":3,"b:94:10:101:Infinity:101:12:101:Infinity":4,"f:96:12:96:27":15,"s:96:27:96:Infinity":40,"f:111:20:111:25":16,"s:112:33:112:Infinity":41,"f:112:39:112:44":17,"s:112:50:112:67":42,"s:113:36:113:Infinity":43,"f:113:45:113:52":18,"s:113:58:113:73":44,"s:114:37:114:Infinity":45,"f:114:46:114:52":19,"s:114:58:114:73":46,"s:115:16:132:Infinity":47,"b:121:28:121:Infinity:122:28:124:Infinity":5,"b:123:30:123:Infinity:124:30:124:Infinity":6,"f:126:22:126:37":20,"s:126:37:126:Infinity":48,"f:138:19:138:24":21,"s:139:31:139:Infinity":49,"f:139:36:139:41":22,"s:139:47:139:65":50,"s:140:34:140:Infinity":51,"f:140:43:140:50":23,"s:140:56:140:71":52,"s:141:14:194:Infinity":53,"b:149:28:149:Infinity:150:28:150:Infinity":7,"f:152:22:152:37":24,"s:152:37:152:Infinity":54,"b:158:38:158:53:158:53:158:Infinity":8,"b:164:38:164:56:164:56:164:Infinity":9,"f:172:24:172:29":25,"s:173:32:173:Infinity":55,"s:174:39:174:Infinity":56,"s:175:20:191:Infinity":57,"b:181:32:181:Infinity:182:32:182:Infinity":10,"f:184:26:184:41":26,"s:184:41:184:Infinity":58,"b:186:54:186:65:186:65:186:71":11,"b:189:40:189:46:189:46:189:Infinity":12}}}
,"/Users/prashantsharma/Personal-Project /SwapNet/src/components/common/Badge.tsx": {"path":"/Users/prashantsharma/Personal-Project /SwapNet/src/components/common/Badge.tsx","statementMap":{"0":{"start":{"line":9,"column":20},"end":{"line":15,"column":null}},"1":{"start":{"line":22,"column":2},"end":{"line":31,"column":null}}},"fnMap":{"0":{"name":"Badge","decl":{"start":{"line":17,"column":16},"end":{"line":17,"column":22}},"loc":{"start":{"line":21,"column":34},"end":{"line":33,"column":null}},"line":21}},"branchMap":{"0":{"loc":{"start":{"line":20,"column":2},"end":{"line":20,"column":null}},"type":"default-arg","locations":[{"start":{"line":20,"column":9},"end":{"line":20,"column":null}}],"line":20}},"s":{"0":0,"1":0},"f":{"0":0},"b":{"0":[0]},"meta":{"lastBranch":1,"lastFunction":1,"lastStatement":2,"seen":{"s:9:20:15:Infinity":0,"f:17:16:17:22":0,"b:20:9:20:Infinity":0,"s:22:2:31:Infinity":1}}}
,"/Users/prashantsharma/Personal-Project /SwapNet/src/components/common/Button.tsx": {"path":"/Users/prashantsharma/Personal-Project /SwapNet/src/components/common/Button.tsx","statementMap":{"0":{"start":{"line":13,"column":54},"end":{"line":22,"column":null}},"1":{"start":{"line":24,"column":48},"end":{"line":28,"column":null}},"2":{"start":{"line":38,"column":2},"end":{"line":50,"column":null}}},"fnMap":{"0":{"name":"Button","decl":{"start":{"line":30,"column":16},"end":{"line":30,"column":23}},"loc":{"start":{"line":37,"column":35},"end":{"line":52,"column":null}},"line":37}},"branchMap":{"0":{"loc":{"start":{"line":33,"column":2},"end":{"line":33,"column":null}},"type":"default-arg","locations":[{"start":{"line":33,"column":12},"end":{"line":33,"column":null}}],"line":33},"1":{"loc":{"start":{"line":34,"column":2},"end":{"line":34,"column":null}},"type":"default-arg","locations":[{"start":{"line":34,"column":9},"end":{"line":34,"column":null}}],"line":34},"2":{"loc":{"start":{"line":44,"column":8},"end":{"line":44,"column":null}},"type":"binary-expr","locations":[{"start":{"line":44,"column":8},"end":{"line":44,"column":21}},{"start":{"line":44,"column":21},"end":{"line":44,"column":null}}],"line":44}},"s":{"0":0,"1":0,"2":0},"f":{"0":0},"b":{"0":[0],"1":[0],"2":[0,0]},"meta":{"lastBranch":3,"lastFunction":1,"lastStatement":3,"seen":{"s:13:54:22:Infinity":0,"s:24:48:28:Infinity":1,"f:30:16:30:23":0,"b:33:12:33:Infinity":0,"b:34:9:34:Infinity":1,"s:38:2:50:Infinity":2,"b:44:8:44:21:44:21:44:Infinity":2}}}
,"/Users/prashantsharma/Personal-Project /SwapNet/src/components/common/ButtonLink.tsx": {"path":"/Users/prashantsharma/Personal-Project /SwapNet/src/components/common/ButtonLink.tsx","statementMap":{"0":{"start":{"line":15,"column":58},"end":{"line":24,"column":null}},"1":{"start":{"line":26,"column":52},"end":{"line":30,"column":null}},"2":{"start":{"line":40,"column":2},"end":{"line":52,"column":null}}},"fnMap":{"0":{"name":"ButtonLink","decl":{"start":{"line":32,"column":16},"end":{"line":32,"column":27}},"loc":{"start":{"line":39,"column":39},"end":{"line":54,"column":null}},"line":39}},"branchMap":{"0":{"loc":{"start":{"line":35,"column":2},"end":{"line":35,"column":null}},"type":"default-arg","locations":[{"start":{"line":35,"column":12},"end":{"line":35,"column":null}}],"line":35},"1":{"loc":{"start":{"line":36,"column":2},"end":{"line":36,"column":null}},"type":"default-arg","locations":[{"start":{"line":36,"column":9},"end":{"line":36,"column":null}}],"line":36},"2":{"loc":{"start":{"line":46,"column":8},"end":{"line":46,"column":null}},"type":"binary-expr","locations":[{"start":{"line":46,"column":8},"end":{"line":46,"column":21}},{"start":{"line":46,"column":21},"end":{"line":46,"column":null}}],"line":46}},"s":{"0":0,"1":0,"2":0},"f":{"0":0},"b":{"0":[0],"1":[0],"2":[0,0]},"meta":{"lastBranch":3,"lastFunction":1,"lastStatement":3,"seen":{"s:15:58:24:Infinity":0,"s:26:52:30:Infinity":1,"f:32:16:32:27":0,"b:35:12:35:Infinity":0,"b:36:9:36:Infinity":1,"s:40:2:52:Infinity":2,"b:46:8:46:21:46:21:46:Infinity":2}}}
,"/Users/prashantsharma/Personal-Project /SwapNet/src/components/common/EmptyState.tsx": {"path":"/Users/prashantsharma/Personal-Project /SwapNet/src/components/common/EmptyState.tsx","statementMap":{"0":{"start":{"line":10,"column":2},"end":{"line":35,"column":null}}},"fnMap":{"0":{"name":"EmptyState","decl":{"start":{"line":9,"column":16},"end":{"line":9,"column":27}},"loc":{"start":{"line":9,"column":76},"end":{"line":37,"column":null}},"line":9}},"branchMap":{},"s":{"0":0},"f":{"0":0},"b":{},"meta":{"lastBranch":0,"lastFunction":1,"lastStatement":1,"seen":{"f:9:16:9:27":0,"s:10:2:35:Infinity":0}}}
,"/Users/prashantsharma/Personal-Project /SwapNet/src/components/common/ErrorBoundary.tsx": {"path":"/Users/prashantsharma/Personal-Project /SwapNet/src/components/common/ErrorBoundary.tsx","statementMap":{"0":{"start":{"line":15,"column":4},"end":{"line":15,"column":null}},"1":{"start":{"line":16,"column":4},"end":{"line":16,"column":null}},"2":{"start":{"line":20,"column":4},"end":{"line":20,"column":null}},"3":{"start":{"line":24,"column":4},"end":{"line":24,"column":null}},"4":{"start":{"line":28,"column":4},"end":{"line":53,"column":null}},"5":{"start":{"line":29,"column":6},"end":{"line":31,"column":null}},"6":{"start":{"line":30,"column":8},"end":{"line":30,"column":null}},"7":{"start":{"line":33,"column":6},"end":{"line":51,"column":null}},"8":{"start":{"line":45,"column":29},"end":{"line":45,"column":null}},"9":{"start":{"line":55,"column":4},"end":{"line":55,"column":null}}},"fnMap":{"0":{"name":"(anonymous_0)","decl":{"start":{"line":14,"column":2},"end":{"line":14,"column":14}},"loc":{"start":{"line":14,"column":41},"end":{"line":17,"column":null}},"line":14},"1":{"name":"(anonymous_1)","decl":{"start":{"line":19,"column":9},"end":{"line":19,"column":34}},"loc":{"start":{"line":19,"column":68},"end":{"line":21,"column":null}},"line":19},"2":{"name":"(anonymous_2)","decl":{"start":{"line":23,"column":2},"end":{"line":23,"column":20}},"loc":{"start":{"line":23,"column":56},"end":{"line":25,"column":null}},"line":23},"3":{"name":"(anonymous_3)","decl":{"start":{"line":27,"column":2},"end":{"line":27,"column":11}},"loc":{"start":{"line":27,"column":11},"end":{"line":56,"column":null}},"line":27},"4":{"name":"(anonymous_4)","decl":{"start":{"line":45,"column":14},"end":{"line":45,"column":29}},"loc":{"start":{"line":45,"column":29},"end":{"line":45,"column":null}},"line":45}},"branchMap":{"0":{"loc":{"start":{"line":28,"column":4},"end":{"line":53,"column":null}},"type":"if","locations":[{"start":{"line":28,"column":4},"end":{"line":53,"column":null}},{"start":{},"end":{}}],"line":28},"1":{"loc":{"start":{"line":29,"column":6},"end":{"line":31,"column":null}},"type":"if","locations":[{"start":{"line":29,"column":6},"end":{"line":31,"column":null}},{"start":{},"end":{}}],"line":29},"2":{"loc":{"start":{"line":41,"column":15},"end":{"line":41,"column":null}},"type":"binary-expr","locations":[{"start":{"line":41,"column":15},"end":{"line":41,"column":44}},{"start":{"line":41,"column":44},"end":{"line":41,"column":null}}],"line":41}},"s":{"0":0,"1":0,"2":0,"3":0,"4":0,"5":0,"6":0,"7":0,"8":0,"9":0},"f":{"0":0,"1":0,"2":0,"3":0,"4":0},"b":{"0":[0,0],"1":[0,0],"2":[0,0]},"meta":{"lastBranch":3,"lastFunction":5,"lastStatement":10,"seen":{"f:14:2:14:14":0,"s:15:4:15:Infinity":0,"s:16:4:16:Infinity":1,"f:19:9:19:34":1,"s:20:4:20:Infinity":2,"f:23:2:23:20":2,"s:24:4:24:Infinity":3,"f:27:2:27:11":3,"b:28:4:53:Infinity:undefined:undefined:undefined:undefined":0,"s:28:4:53:Infinity":4,"b:29:6:31:Infinity:undefined:undefined:undefined:undefined":1,"s:29:6:31:Infinity":5,"s:30:8:30:Infinity":6,"s:33:6:51:Infinity":7,"b:41:15:41:44:41:44:41:Infinity":2,"f:45:14:45:29":4,"s:45:29:45:Infinity":8,"s:55:4:55:Infinity":9}}}
,"/Users/prashantsharma/Personal-Project /SwapNet/src/components/common/PageTransition.tsx": {"path":"/Users/prashantsharma/Personal-Project /SwapNet/src/components/common/PageTransition.tsx","statementMap":{"0":{"start":{"line":5,"column":2},"end":{"line":13,"column":null}}},"fnMap":{"0":{"name":"PageTransition","decl":{"start":{"line":4,"column":16},"end":{"line":4,"column":31}},"loc":{"start":{"line":4,"column":64},"end":{"line":15,"column":null}},"line":4}},"branchMap":{},"s":{"0":0},"f":{"0":0},"b":{},"meta":{"lastBranch":0,"lastFunction":1,"lastStatement":1,"seen":{"f:4:16:4:31":0,"s:5:2:13:Infinity":0}}}
,"/Users/prashantsharma/Personal-Project /SwapNet/src/components/common/RatingStars.tsx": {"path":"/Users/prashantsharma/Personal-Project /SwapNet/src/components/common/RatingStars.tsx","statementMap":{"0":{"start":{"line":11,"column":19},"end":{"line":11,"column":null}},"1":{"start":{"line":13,"column":2},"end":{"line":39,"column":null}},"2":{"start":{"line":16,"column":22},"end":{"line":16,"column":null}},"3":{"start":{"line":17,"column":8},"end":{"line":36,"column":null}},"4":{"start":{"line":25,"column":27},"end":{"line":25,"column":null}}},"fnMap":{"0":{"name":"RatingStars","decl":{"start":{"line":10,"column":16},"end":{"line":10,"column":28}},"loc":{"start":{"line":10,"column":81},"end":{"line":41,"column":null}},"line":10},"1":{"name":"(anonymous_1)","decl":{"start":{"line":15,"column":33},"end":{"line":15,"column":38}},"loc":{"start":{"line":15,"column":51},"end":{"line":38,"column":7}},"line":15},"2":{"name":"(anonymous_2)","decl":{"start":{"line":25,"column":12},"end":{"line":25,"column":27}},"loc":{"start":{"line":25,"column":27},"end":{"line":25,"column":null}},"line":25}},"branchMap":{"0":{"loc":{"start":{"line":10,"column":48},"end":{"line":10,"column":81}},"type":"default-arg","locations":[{"start":{"line":10,"column":55},"end":{"line":10,"column":81}}],"line":10},"1":{"loc":{"start":{"line":11,"column":19},"end":{"line":11,"column":null}},"type":"cond-expr","locations":[{"start":{"line":11,"column":35},"end":{"line":11,"column":46}},{"start":{"line":11,"column":46},"end":{"line":11,"column":null}}],"line":11},"2":{"loc":{"start":{"line":21,"column":14},"end":{"line":21,"column":null}},"type":"cond-expr","locations":[{"start":{"line":21,"column":25},"end":{"line":21,"column":44}},{"start":{"line":21,"column":44},"end":{"line":21,"column":null}}],"line":21},"3":{"loc":{"start":{"line":31,"column":16},"end":{"line":33,"column":null}},"type":"cond-expr","locations":[{"start":{"line":32,"column":20},"end":{"line":32,"column":null}},{"start":{"line":33,"column":20},"end":{"line":33,"column":null}}],"line":31}},"s":{"0":0,"1":0,"2":0,"3":0,"4":0},"f":{"0":0,"1":0,"2":0},"b":{"0":[0],"1":[0,0],"2":[0,0],"3":[0,0]},"meta":{"lastBranch":4,"lastFunction":3,"lastStatement":5,"seen":{"f:10:16:10:28":0,"b:10:55:10:81":0,"s:11:19:11:Infinity":0,"b:11:35:11:46:11:46:11:Infinity":1,"s:13:2:39:Infinity":1,"f:15:33:15:38":1,"s:16:22:16:Infinity":2,"s:17:8:36:Infinity":3,"b:21:25:21:44:21:44:21:Infinity":2,"f:25:12:25:27":2,"s:25:27:25:Infinity":4,"b:32:20:32:Infinity:33:20:33:Infinity":3}}}
,"/Users/prashantsharma/Personal-Project /SwapNet/src/components/common/SectionTitle.tsx": {"path":"/Users/prashantsharma/Personal-Project /SwapNet/src/components/common/SectionTitle.tsx","statementMap":{"0":{"start":{"line":15,"column":2},"end":{"line":35,"column":null}}},"fnMap":{"0":{"name":"SectionTitle","decl":{"start":{"line":9,"column":16},"end":{"line":9,"column":29}},"loc":{"start":{"line":14,"column":41},"end":{"line":37,"column":null}},"line":14}},"branchMap":{"0":{"loc":{"start":{"line":18,"column":9},"end":{"line":22,"column":null}},"type":"cond-expr","locations":[{"start":{"line":19,"column":10},"end":{"line":22,"column":null}},{"start":{"line":22,"column":12},"end":{"line":22,"column":null}}],"line":18},"1":{"loc":{"start":{"line":27,"column":11},"end":{"line":31,"column":null}},"type":"cond-expr","locations":[{"start":{"line":28,"column":12},"end":{"line":31,"column":null}},{"start":{"line":31,"column":14},"end":{"line":31,"column":null}}],"line":27}},"s":{"0":0},"f":{"0":0},"b":{"0":[0,0],"1":[0,0]},"meta":{"lastBranch":2,"lastFunction":1,"lastStatement":1,"seen":{"f:9:16:9:29":0,"s:15:2:35:Infinity":0,"b:19:10:22:Infinity:22:12:22:Infinity":0,"b:28:12:31:Infinity:31:14:31:Infinity":1}}}
,"/Users/prashantsharma/Personal-Project /SwapNet/src/components/common/SkillChip.tsx": {"path":"/Users/prashantsharma/Personal-Project /SwapNet/src/components/common/SkillChip.tsx","statementMap":{"0":{"start":{"line":4,"column":62},"end":{"line":20,"column":null}},"1":{"start":{"line":29,"column":2},"end":{"line":48,"column":null}}},"fnMap":{"0":{"name":"SkillChip","decl":{"start":{"line":28,"column":16},"end":{"line":28,"column":26}},"loc":{"start":{"line":28,"column":74},"end":{"line":50,"column":null}},"line":28}},"branchMap":{"0":{"loc":{"start":{"line":37,"column":7},"end":{"line":37,"column":null}},"type":"cond-expr","locations":[{"start":{"line":37,"column":21},"end":{"line":37,"column":null}},{"start":{"line":37,"column":73},"end":{"line":37,"column":null}}],"line":37},"1":{"loc":{"start":{"line":38,"column":7},"end":{"line":47,"column":null}},"type":"cond-expr","locations":[{"start":{"line":39,"column":8},"end":{"line":47,"column":null}},{"start":{"line":47,"column":10},"end":{"line":47,"column":null}}],"line":38},"2":{"loc":{"start":{"line":38,"column":7},"end":{"line":38,"column":null}},"type":"binary-expr","locations":[{"start":{"line":38,"column":7},"end":{"line":38,"column":20}},{"start":{"line":38,"column":20},"end":{"line":38,"column":null}}],"line":38}},"s":{"0":0,"1":0},"f":{"0":0},"b":{"0":[0,0],"1":[0,0],"2":[0,0]},"meta":{"lastBranch":3,"lastFunction":1,"lastStatement":2,"seen":{"s:4:62:20:Infinity":0,"f:28:16:28:26":0,"s:29:2:48:Infinity":1,"b:37:21:37:Infinity:37:73:37:Infinity":0,"b:39:8:47:Infinity:47:10:47:Infinity":1,"b:38:7:38:20:38:20:38:Infinity":2}}}
,"/Users/prashantsharma/Personal-Project /SwapNet/src/components/common/ThemeToggle.tsx": {"path":"/Users/prashantsharma/Personal-Project /SwapNet/src/components/common/ThemeToggle.tsx","statementMap":{"0":{"start":{"line":12,"column":17},"end":{"line":12,"column":null}},"1":{"start":{"line":13,"column":17},"end":{"line":13,"column":null}},"2":{"start":{"line":14,"column":16},"end":{"line":14,"column":null}},"3":{"start":{"line":16,"column":2},"end":{"line":35,"column":null}}},"fnMap":{"0":{"name":"ThemeToggle","decl":{"start":{"line":11,"column":16},"end":{"line":11,"column":28}},"loc":{"start":{"line":11,"column":79},"end":{"line":37,"column":null}},"line":11}},"branchMap":{"0":{"loc":{"start":{"line":11,"column":41},"end":{"line":11,"column":79}},"type":"default-arg","locations":[{"start":{"line":11,"column":53},"end":{"line":11,"column":79}}],"line":11},"1":{"loc":{"start":{"line":14,"column":16},"end":{"line":14,"column":null}},"type":"cond-expr","locations":[{"start":{"line":14,"column":25},"end":{"line":14,"column":50}},{"start":{"line":14,"column":50},"end":{"line":14,"column":null}}],"line":14},"2":{"loc":{"start":{"line":24,"column":7},"end":{"line":33,"column":null}},"type":"cond-expr","locations":[{"start":{"line":25,"column":8},"end":{"line":30,"column":null}},{"start":{"line":30,"column":8},"end":{"line":33,"column":null}}],"line":24},"3":{"loc":{"start":{"line":27,"column":11},"end":{"line":28,"column":null}},"type":"cond-expr","locations":[{"start":{"line":27,"column":23},"end":{"line":27,"column":33}},{"start":{"line":27,"column":33},"end":{"line":28,"column":null}}],"line":27},"4":{"loc":{"start":{"line":32,"column":11},"end":{"line":33,"column":null}},"type":"cond-expr","locations":[{"start":{"line":32,"column":23},"end":{"line":32,"column":32}},{"start":{"line":32,"column":32},"end":{"line":33,"column":null}}],"line":32}},"s":{"0":0,"1":0,"2":0,"3":0},"f":{"0":0},"b":{"0":[0],"1":[0,0],"2":[0,0],"3":[0,0],"4":[0,0]},"meta":{"lastBranch":5,"lastFunction":1,"lastStatement":4,"seen":{"f:11:16:11:28":0,"b:11:53:11:79":0,"s:12:17:12:Infinity":0,"s:13:17:13:Infinity":1,"s:14:16:14:Infinity":2,"b:14:25:14:50:14:50:14:Infinity":1,"s:16:2:35:Infinity":3,"b:25:8:30:Infinity:30:8:33:Infinity":2,"b:27:23:27:33:27:33:28:Infinity":3,"b:32:23:32:32:32:32:33:Infinity":4}}}
,"/Users/prashantsharma/Personal-Project /SwapNet/src/components/dashboard/ChartFrame.tsx": {"path":"/Users/prashantsharma/Personal-Project /SwapNet/src/components/dashboard/ChartFrame.tsx","statementMap":{"0":{"start":{"line":9,"column":8},"end":{"line":9,"column":null}},"1":{"start":{"line":10,"column":16},"end":{"line":10,"column":null}},"2":{"start":{"line":12,"column":2},"end":{"line":25,"column":null}},"3":{"start":{"line":13,"column":17},"end":{"line":13,"column":null}},"4":{"start":{"line":14,"column":4},"end":{"line":16,"column":null}},"5":{"start":{"line":15,"column":6},"end":{"line":15,"column":null}},"6":{"start":{"line":18,"column":21},"end":{"line":21,"column":null}},"7":{"start":{"line":19,"column":24},"end":{"line":19,"column":null}},"8":{"start":{"line":20,"column":6},"end":{"line":20,"column":null}},"9":{"start":{"line":23,"column":4},"end":{"line":23,"column":null}},"10":{"start":{"line":24,"column":4},"end":{"line":24,"column":null}},"11":{"start":{"line":24,"column":17},"end":{"line":24,"column":null}},"12":{"start":{"line":27,"column":2},"end":{"line":34,"column":null}}},"fnMap":{"0":{"name":"ChartFrame","decl":{"start":{"line":8,"column":16},"end":{"line":8,"column":27}},"loc":{"start":{"line":8,"column":72},"end":{"line":36,"column":null}},"line":8},"1":{"name":"(anonymous_1)","decl":{"start":{"line":12,"column":2},"end":{"line":12,"column":18}},"loc":{"start":{"line":12,"column":18},"end":{"line":25,"column":5}},"line":12},"2":{"name":"(anonymous_2)","decl":{"start":{"line":18,"column":25},"end":{"line":18,"column":41}},"loc":{"start":{"line":18,"column":53},"end":{"line":21,"column":5}},"line":18},"3":{"name":"(anonymous_3)","decl":{"start":{"line":24,"column":4},"end":{"line":24,"column":17}},"loc":{"start":{"line":24,"column":17},"end":{"line":24,"column":null}},"line":24}},"branchMap":{"0":{"loc":{"start":{"line":8,"column":29},"end":{"line":8,"column":43}},"type":"default-arg","locations":[{"start":{"line":8,"column":38},"end":{"line":8,"column":43}}],"line":8},"1":{"loc":{"start":{"line":14,"column":4},"end":{"line":16,"column":null}},"type":"if","locations":[{"start":{"line":14,"column":4},"end":{"line":16,"column":null}},{"start":{},"end":{}}],"line":14},"2":{"loc":{"start":{"line":19,"column":24},"end":{"line":19,"column":null}},"type":"binary-expr","locations":[{"start":{"line":19,"column":24},"end":{"line":19,"column":57}},{"start":{"line":19,"column":57},"end":{"line":19,"column":null}}],"line":19},"3":{"loc":{"start":{"line":29,"column":7},"end":{"line":32,"column":null}},"type":"cond-expr","locations":[{"start":{"line":30,"column":8},"end":{"line":30,"column":null}},{"start":{"line":32,"column":8},"end":{"line":32,"column":null}}],"line":29}},"s":{"0":0,"1":0,"2":0,"3":0,"4":0,"5":0,"6":0,"7":0,"8":0,"9":0,"10":0,"11":0,"12":0},"f":{"0":0,"1":0,"2":0,"3":0},"b":{"0":[0],"1":[0,0],"2":[0,0],"3":[0,0]},"meta":{"lastBranch":4,"lastFunction":4,"lastStatement":13,"seen":{"f:8:16:8:27":0,"b:8:38:8:43":0,"s:9:8:9:Infinity":0,"s:10:16:10:Infinity":1,"s:12:2:25:Infinity":2,"f:12:2:12:18":1,"s:13:17:13:Infinity":3,"b:14:4:16:Infinity:undefined:undefined:undefined:undefined":1,"s:14:4:16:Infinity":4,"s:15:6:15:Infinity":5,"s:18:21:21:Infinity":6,"f:18:25:18:41":2,"s:19:24:19:Infinity":7,"b:19:24:19:57:19:57:19:Infinity":2,"s:20:6:20:Infinity":8,"s:23:4:23:Infinity":9,"s:24:4:24:Infinity":10,"f:24:4:24:17":3,"s:24:17:24:Infinity":11,"s:27:2:34:Infinity":12,"b:30:8:30:Infinity:32:8:32:Infinity":3}}}
,"/Users/prashantsharma/Personal-Project /SwapNet/src/components/feed/EndorseSkillsModal.tsx": {"path":"/Users/prashantsharma/Personal-Project /SwapNet/src/components/feed/EndorseSkillsModal.tsx","statementMap":{"0":{"start":{"line":26,"column":19},"end":{"line":26,"column":null}},"1":{"start":{"line":27,"column":17},"end":{"line":27,"column":null}},"2":{"start":{"line":29,"column":2},"end":{"line":29,"column":null}},"3":{"start":{"line":29,"column":15},"end":{"line":29,"column":null}},"4":{"start":{"line":31,"column":41},"end":{"line":31,"column":null}},"5":{"start":{"line":34,"column":4},"end":{"line":42,"column":null}},"6":{"start":{"line":35,"column":19},"end":{"line":35,"column":null}},"7":{"start":{"line":36,"column":6},"end":{"line":40,"column":null}},"8":{"start":{"line":37,"column":8},"end":{"line":37,"column":null}},"9":{"start":{"line":39,"column":8},"end":{"line":39,"column":null}},"10":{"start":{"line":41,"column":6},"end":{"line":41,"column":null}},"11":{"start":{"line":46,"column":4},"end":{"line":49,"column":null}},"12":{"start":{"line":47,"column":6},"end":{"line":47,"column":null}},"13":{"start":{"line":48,"column":6},"end":{"line":48,"column":null}},"14":{"start":{"line":51,"column":4},"end":{"line":54,"column":null}},"15":{"start":{"line":52,"column":6},"end":{"line":52,"column":null}},"16":{"start":{"line":53,"column":6},"end":{"line":53,"column":null}},"17":{"start":{"line":56,"column":4},"end":{"line":56,"column":null}},"18":{"start":{"line":57,"column":4},"end":{"line":81,"column":null}},"19":{"start":{"line":58,"column":19},"end":{"line":63,"column":null}},"20":{"start":{"line":58,"column":60},"end":{"line":63,"column":8}},"21":{"start":{"line":65,"column":24},"end":{"line":67,"column":null}},"22":{"start":{"line":69,"column":6},"end":{"line":72,"column":null}},"23":{"start":{"line":70,"column":8},"end":{"line":70,"column":null}},"24":{"start":{"line":71,"column":8},"end":{"line":71,"column":null}},"25":{"start":{"line":74,"column":6},"end":{"line":74,"column":null}},"26":{"start":{"line":75,"column":6},"end":{"line":75,"column":null}},"27":{"start":{"line":76,"column":6},"end":{"line":76,"column":null}},"28":{"start":{"line":78,"column":6},"end":{"line":78,"column":null}},"29":{"start":{"line":80,"column":6},"end":{"line":80,"column":null}},"30":{"start":{"line":84,"column":2},"end":{"line":169,"column":null}},"31":{"start":{"line":124,"column":33},"end":{"line":124,"column":null}},"32":{"start":{"line":125,"column":14},"end":{"line":140,"column":null}},"33":{"start":{"line":133,"column":33},"end":{"line":133,"column":null}}},"fnMap":{"0":{"name":"EndorseSkillsModal","decl":{"start":{"line":18,"column":16},"end":{"line":18,"column":35}},"loc":{"start":{"line":25,"column":28},"end":{"line":171,"column":null}},"line":25},"1":{"name":"toggle","decl":{"start":{"line":33,"column":11},"end":{"line":33,"column":18}},"loc":{"start":{"line":33,"column":37},"end":{"line":43,"column":null}},"line":33},"2":{"name":"(anonymous_2)","decl":{"start":{"line":34,"column":4},"end":{"line":34,"column":17}},"loc":{"start":{"line":34,"column":26},"end":{"line":42,"column":5}},"line":34},"3":{"name":"handleSubmit","decl":{"start":{"line":45,"column":17},"end":{"line":45,"column":32}},"loc":{"start":{"line":45,"column":32},"end":{"line":82,"column":null}},"line":45},"4":{"name":"(anonymous_4)","decl":{"start":{"line":58,"column":40},"end":{"line":58,"column":45}},"loc":{"start":{"line":58,"column":60},"end":{"line":63,"column":8}},"line":58},"5":{"name":"(anonymous_5)","decl":{"start":{"line":123,"column":29},"end":{"line":123,"column":34}},"loc":{"start":{"line":123,"column":44},"end":{"line":142,"column":13}},"line":123},"6":{"name":"(anonymous_6)","decl":{"start":{"line":133,"column":18},"end":{"line":133,"column":33}},"loc":{"start":{"line":133,"column":33},"end":{"line":133,"column":null}},"line":133}},"branchMap":{"0":{"loc":{"start":{"line":29,"column":2},"end":{"line":29,"column":null}},"type":"if","locations":[{"start":{"line":29,"column":2},"end":{"line":29,"column":null}},{"start":{},"end":{}}],"line":29},"1":{"loc":{"start":{"line":36,"column":6},"end":{"line":40,"column":null}},"type":"if","locations":[{"start":{"line":36,"column":6},"end":{"line":40,"column":null}},{"start":{"line":38,"column":13},"end":{"line":40,"column":null}}],"line":36},"2":{"loc":{"start":{"line":46,"column":4},"end":{"line":49,"column":null}},"type":"if","locations":[{"start":{"line":46,"column":4},"end":{"line":49,"column":null}},{"start":{},"end":{}}],"line":46},"3":{"loc":{"start":{"line":51,"column":4},"end":{"line":54,"column":null}},"type":"if","locations":[{"start":{"line":51,"column":4},"end":{"line":54,"column":null}},{"start":{},"end":{}}],"line":51},"4":{"loc":{"start":{"line":69,"column":6},"end":{"line":72,"column":null}},"type":"if","locations":[{"start":{"line":69,"column":6},"end":{"line":72,"column":null}},{"start":{},"end":{}}],"line":69},"5":{"loc":{"start":{"line":74,"column":54},"end":{"line":74,"column":83}},"type":"cond-expr","locations":[{"start":{"line":74,"column":74},"end":{"line":74,"column":80}},{"start":{"line":74,"column":80},"end":{"line":74,"column":83}}],"line":74},"6":{"loc":{"start":{"line":122,"column":11},"end":{"line":146,"column":null}},"type":"cond-expr","locations":[{"start":{"line":123,"column":12},"end":{"line":142,"column":null}},{"start":{"line":144,"column":12},"end":{"line":146,"column":null}}],"line":122},"7":{"loc":{"start":{"line":128,"column":20},"end":{"line":130,"column":null}},"type":"cond-expr","locations":[{"start":{"line":129,"column":24},"end":{"line":129,"column":null}},{"start":{"line":130,"column":24},"end":{"line":130,"column":null}}],"line":128},"8":{"loc":{"start":{"line":137,"column":66},"end":{"line":137,"column":null}},"type":"cond-expr","locations":[{"start":{"line":137,"column":79},"end":{"line":137,"column":95}},{"start":{"line":137,"column":95},"end":{"line":137,"column":null}}],"line":137},"9":{"loc":{"start":{"line":150,"column":9},"end":{"line":154,"column":null}},"type":"cond-expr","locations":[{"start":{"line":151,"column":10},"end":{"line":154,"column":null}},{"start":{"line":154,"column":12},"end":{"line":154,"column":null}}],"line":150},"10":{"loc":{"start":{"line":152,"column":34},"end":{"line":152,"column":63}},"type":"cond-expr","locations":[{"start":{"line":152,"column":54},"end":{"line":152,"column":60}},{"start":{"line":152,"column":60},"end":{"line":152,"column":63}}],"line":152},"11":{"loc":{"start":{"line":159,"column":22},"end":{"line":159,"column":null}},"type":"binary-expr","locations":[{"start":{"line":159,"column":22},"end":{"line":159,"column":32}},{"start":{"line":159,"column":32},"end":{"line":159,"column":null}}],"line":159},"12":{"loc":{"start":{"line":162,"column":13},"end":{"line":162,"column":null}},"type":"cond-expr","locations":[{"start":{"line":162,"column":22},"end":{"line":162,"column":36}},{"start":{"line":162,"column":36},"end":{"line":162,"column":null}}],"line":162},"13":{"loc":{"start":{"line":162,"column":47},"end":{"line":162,"column":null}},"type":"cond-expr","locations":[{"start":{"line":162,"column":67},"end":{"line":162,"column":90}},{"start":{"line":162,"column":90},"end":{"line":162,"column":null}}],"line":162}},"s":{"0":0,"1":0,"2":0,"3":0,"4":0,"5":0,"6":0,"7":0,"8":0,"9":0,"10":0,"11":0,"12":0,"13":0,"14":0,"15":0,"16":0,"17":0,"18":0,"19":0,"20":0,"21":0,"22":0,"23":0,"24":0,"25":0,"26":0,"27":0,"28":0,"29":0,"30":0,"31":0,"32":0,"33":0},"f":{"0":0,"1":0,"2":0,"3":0,"4":0,"5":0,"6":0},"b":{"0":[0,0],"1":[0,0],"2":[0,0],"3":[0,0],"4":[0,0],"5":[0,0],"6":[0,0],"7":[0,0],"8":[0,0],"9":[0,0],"10":[0,0],"11":[0,0],"12":[0,0],"13":[0,0]},"meta":{"lastBranch":14,"lastFunction":7,"lastStatement":34,"seen":{"f:18:16:18:35":0,"s:26:19:26:Infinity":0,"s:27:17:27:Infinity":1,"b:29:2:29:Infinity:undefined:undefined:undefined:undefined":0,"s:29:2:29:Infinity":2,"s:29:15:29:Infinity":3,"s:31:41:31:Infinity":4,"f:33:11:33:18":1,"s:34:4:42:Infinity":5,"f:34:4:34:17":2,"s:35:19:35:Infinity":6,"b:36:6:40:Infinity:38:13:40:Infinity":1,"s:36:6:40:Infinity":7,"s:37:8:37:Infinity":8,"s:39:8:39:Infinity":9,"s:41:6:41:Infinity":10,"f:45:17:45:32":3,"b:46:4:49:Infinity:undefined:undefined:undefined:undefined":2,"s:46:4:49:Infinity":11,"s:47:6:47:Infinity":12,"s:48:6:48:Infinity":13,"b:51:4:54:Infinity:undefined:undefined:undefined:undefined":3,"s:51:4:54:Infinity":14,"s:52:6:52:Infinity":15,"s:53:6:53:Infinity":16,"s:56:4:56:Infinity":17,"s:57:4:81:Infinity":18,"s:58:19:63:Infinity":19,"f:58:40:58:45":4,"s:58:60:63:8":20,"s:65:24:67:Infinity":21,"b:69:6:72:Infinity:undefined:undefined:undefined:undefined":4,"s:69:6:72:Infinity":22,"s:70:8:70:Infinity":23,"s:71:8:71:Infinity":24,"s:74:6:74:Infinity":25,"b:74:74:74:80:74:80:74:83":5,"s:75:6:75:Infinity":26,"s:76:6:76:Infinity":27,"s:78:6:78:Infinity":28,"s:80:6:80:Infinity":29,"s:84:2:169:Infinity":30,"b:123:12:142:Infinity:144:12:146:Infinity":6,"f:123:29:123:34":5,"s:124:33:124:Infinity":31,"s:125:14:140:Infinity":32,"b:129:24:129:Infinity:130:24:130:Infinity":7,"f:133:18:133:33":6,"s:133:33:133:Infinity":33,"b:137:79:137:95:137:95:137:Infinity":8,"b:151:10:154:Infinity:154:12:154:Infinity":9,"b:152:54:152:60:152:60:152:63":10,"b:159:22:159:32:159:32:159:Infinity":11,"b:162:22:162:36:162:36:162:Infinity":12,"b:162:67:162:90:162:90:162:Infinity":13}}}
,"/Users/prashantsharma/Personal-Project /SwapNet/src/components/feed/SwapRequestModal.tsx": {"path":"/Users/prashantsharma/Personal-Project /SwapNet/src/components/feed/SwapRequestModal.tsx","statementMap":{"0":{"start":{"line":18,"column":2},"end":{"line":24,"column":null}},"1":{"start":{"line":19,"column":4},"end":{"line":23,"column":null}},"2":{"start":{"line":27,"column":4},"end":{"line":29,"column":null}},"3":{"start":{"line":28,"column":6},"end":{"line":28,"column":null}},"4":{"start":{"line":28,"column":41},"end":{"line":28,"column":67}},"5":{"start":{"line":31,"column":4},"end":{"line":33,"column":null}},"6":{"start":{"line":32,"column":6},"end":{"line":32,"column":null}},"7":{"start":{"line":32,"column":43},"end":{"line":32,"column":70}},"8":{"start":{"line":35,"column":2},"end":{"line":39,"column":null}},"9":{"start":{"line":47,"column":23},"end":{"line":47,"column":null}},"10":{"start":{"line":48,"column":23},"end":{"line":48,"column":null}},"11":{"start":{"line":49,"column":18},"end":{"line":49,"column":null}},"12":{"start":{"line":50,"column":25},"end":{"line":50,"column":null}},"13":{"start":{"line":51,"column":24},"end":{"line":51,"column":null}},"14":{"start":{"line":52,"column":18},"end":{"line":52,"column":null}},"15":{"start":{"line":54,"column":2},"end":{"line":56,"column":null}},"16":{"start":{"line":55,"column":4},"end":{"line":55,"column":null}},"17":{"start":{"line":58,"column":2},"end":{"line":81,"column":null}},"18":{"start":{"line":59,"column":4},"end":{"line":79,"column":null}},"19":{"start":{"line":83,"column":26},"end":{"line":83,"column":null}},"20":{"start":{"line":83,"column":68},"end":{"line":83,"column":95}},"21":{"start":{"line":84,"column":25},"end":{"line":84,"column":null}},"22":{"start":{"line":84,"column":66},"end":{"line":84,"column":92}},"23":{"start":{"line":87,"column":4},"end":{"line":87,"column":null}},"24":{"start":{"line":88,"column":20},"end":{"line":93,"column":null}},"25":{"start":{"line":94,"column":4},"end":{"line":94,"column":null}},"26":{"start":{"line":95,"column":4},"end":{"line":97,"column":null}},"27":{"start":{"line":96,"column":6},"end":{"line":96,"column":null}},"28":{"start":{"line":100,"column":2},"end":{"line":185,"column":null}},"29":{"start":{"line":123,"column":14},"end":{"line":123,"column":null}},"30":{"start":{"line":133,"column":35},"end":{"line":133,"column":null}},"31":{"start":{"line":137,"column":16},"end":{"line":139,"column":null}},"32":{"start":{"line":147,"column":35},"end":{"line":147,"column":null}},"33":{"start":{"line":151,"column":16},"end":{"line":153,"column":null}},"34":{"start":{"line":170,"column":33},"end":{"line":170,"column":null}}},"fnMap":{"0":{"name":"getInitialSwapRequestState","decl":{"start":{"line":14,"column":9},"end":{"line":14,"column":null}},"loc":{"start":{"line":17,"column":2},"end":{"line":40,"column":null}},"line":17},"1":{"name":"(anonymous_1)","decl":{"start":{"line":27,"column":30},"end":{"line":27,"column":36}},"loc":{"start":{"line":28,"column":6},"end":{"line":28,"column":null}},"line":28},"2":{"name":"(anonymous_2)","decl":{"start":{"line":28,"column":24},"end":{"line":28,"column":30}},"loc":{"start":{"line":28,"column":41},"end":{"line":28,"column":67}},"line":28},"3":{"name":"(anonymous_3)","decl":{"start":{"line":31,"column":29},"end":{"line":31,"column":35}},"loc":{"start":{"line":32,"column":6},"end":{"line":32,"column":null}},"line":32},"4":{"name":"(anonymous_4)","decl":{"start":{"line":32,"column":25},"end":{"line":32,"column":31}},"loc":{"start":{"line":32,"column":43},"end":{"line":32,"column":70}},"line":32},"5":{"name":"SwapRequestModal","decl":{"start":{"line":42,"column":16},"end":{"line":42,"column":33}},"loc":{"start":{"line":46,"column":26},"end":{"line":187,"column":null}},"line":46},"6":{"name":"(anonymous_6)","decl":{"start":{"line":83,"column":52},"end":{"line":83,"column":58}},"loc":{"start":{"line":83,"column":68},"end":{"line":83,"column":95}},"line":83},"7":{"name":"(anonymous_7)","decl":{"start":{"line":84,"column":50},"end":{"line":84,"column":56}},"loc":{"start":{"line":84,"column":66},"end":{"line":84,"column":92}},"line":84},"8":{"name":"handleSend","decl":{"start":{"line":86,"column":17},"end":{"line":86,"column":30}},"loc":{"start":{"line":86,"column":30},"end":{"line":98,"column":null}},"line":86},"9":{"name":"(anonymous_9)","decl":{"start":{"line":122,"column":32},"end":{"line":122,"column":37}},"loc":{"start":{"line":123,"column":14},"end":{"line":123,"column":null}},"line":123},"10":{"name":"(anonymous_10)","decl":{"start":{"line":133,"column":14},"end":{"line":133,"column":25}},"loc":{"start":{"line":133,"column":35},"end":{"line":133,"column":null}},"line":133},"11":{"name":"(anonymous_11)","decl":{"start":{"line":136,"column":41},"end":{"line":136,"column":46}},"loc":{"start":{"line":137,"column":16},"end":{"line":139,"column":null}},"line":137},"12":{"name":"(anonymous_12)","decl":{"start":{"line":147,"column":14},"end":{"line":147,"column":25}},"loc":{"start":{"line":147,"column":35},"end":{"line":147,"column":null}},"line":147},"13":{"name":"(anonymous_13)","decl":{"start":{"line":150,"column":40},"end":{"line":150,"column":45}},"loc":{"start":{"line":151,"column":16},"end":{"line":153,"column":null}},"line":151},"14":{"name":"(anonymous_14)","decl":{"start":{"line":170,"column":12},"end":{"line":170,"column":23}},"loc":{"start":{"line":170,"column":33},"end":{"line":170,"column":null}},"line":170}},"branchMap":{"0":{"loc":{"start":{"line":18,"column":2},"end":{"line":24,"column":null}},"type":"if","locations":[{"start":{"line":18,"column":2},"end":{"line":24,"column":null}},{"start":{},"end":{}}],"line":18},"1":{"loc":{"start":{"line":18,"column":6},"end":{"line":18,"column":29}},"type":"binary-expr","locations":[{"start":{"line":18,"column":6},"end":{"line":18,"column":22}},{"start":{"line":18,"column":22},"end":{"line":18,"column":29}}],"line":18},"2":{"loc":{"start":{"line":27,"column":4},"end":{"line":29,"column":null}},"type":"binary-expr","locations":[{"start":{"line":27,"column":4},"end":{"line":29,"column":9}},{"start":{"line":29,"column":9},"end":{"line":29,"column":null}}],"line":27},"3":{"loc":{"start":{"line":31,"column":4},"end":{"line":33,"column":null}},"type":"binary-expr","locations":[{"start":{"line":31,"column":4},"end":{"line":33,"column":9}},{"start":{"line":33,"column":9},"end":{"line":33,"column":null}}],"line":31},"4":{"loc":{"start":{"line":36,"column":20},"end":{"line":36,"column":null}},"type":"binary-expr","locations":[{"start":{"line":36,"column":20},"end":{"line":36,"column":42}},{"start":{"line":36,"column":42},"end":{"line":36,"column":null}}],"line":36},"5":{"loc":{"start":{"line":37,"column":19},"end":{"line":37,"column":null}},"type":"binary-expr","locations":[{"start":{"line":37,"column":19},"end":{"line":37,"column":40}},{"start":{"line":37,"column":40},"end":{"line":37,"column":null}}],"line":37},"6":{"loc":{"start":{"line":38,"column":59},"end":{"line":38,"column":93}},"type":"binary-expr","locations":[{"start":{"line":38,"column":59},"end":{"line":38,"column":83}},{"start":{"line":38,"column":83},"end":{"line":38,"column":93}}],"line":38},"7":{"loc":{"start":{"line":38,"column":120},"end":{"line":38,"column":154}},"type":"binary-expr","locations":[{"start":{"line":38,"column":120},"end":{"line":38,"column":143}},{"start":{"line":38,"column":143},"end":{"line":38,"column":154}}],"line":38},"8":{"loc":{"start":{"line":54,"column":2},"end":{"line":56,"column":null}},"type":"if","locations":[{"start":{"line":54,"column":2},"end":{"line":56,"column":null}},{"start":{},"end":{}}],"line":54},"9":{"loc":{"start":{"line":54,"column":6},"end":{"line":54,"column":24}},"type":"binary-expr","locations":[{"start":{"line":54,"column":6},"end":{"line":54,"column":17}},{"start":{"line":54,"column":17},"end":{"line":54,"column":24}}],"line":54},"10":{"loc":{"start":{"line":58,"column":2},"end":{"line":81,"column":null}},"type":"if","locations":[{"start":{"line":58,"column":2},"end":{"line":81,"column":null}},{"start":{},"end":{}}],"line":58},"11":{"loc":{"start":{"line":58,"column":6},"end":{"line":58,"column":93}},"type":"binary-expr","locations":[{"start":{"line":58,"column":6},"end":{"line":58,"column":22}},{"start":{"line":58,"column":22},"end":{"line":58,"column":59}},{"start":{"line":58,"column":59},"end":{"line":58,"column":93}}],"line":58},"12":{"loc":{"start":{"line":95,"column":4},"end":{"line":97,"column":null}},"type":"if","locations":[{"start":{"line":95,"column":4},"end":{"line":97,"column":null}},{"start":{},"end":{}}],"line":95},"13":{"loc":{"start":{"line":159,"column":9},"end":{"line":164,"column":null}},"type":"cond-expr","locations":[{"start":{"line":160,"column":10},"end":{"line":164,"column":null}},{"start":{"line":164,"column":12},"end":{"line":164,"column":null}}],"line":159},"14":{"loc":{"start":{"line":159,"column":9},"end":{"line":159,"column":null}},"type":"binary-expr","locations":[{"start":{"line":159,"column":9},"end":{"line":159,"column":28}},{"start":{"line":159,"column":28},"end":{"line":159,"column":null}}],"line":159},"15":{"loc":{"start":{"line":181,"column":13},"end":{"line":181,"column":null}},"type":"cond-expr","locations":[{"start":{"line":181,"column":23},"end":{"line":181,"column":38}},{"start":{"line":181,"column":38},"end":{"line":181,"column":null}}],"line":181}},"s":{"0":0,"1":0,"2":0,"3":0,"4":0,"5":0,"6":0,"7":0,"8":0,"9":0,"10":0,"11":0,"12":0,"13":0,"14":0,"15":0,"16":0,"17":0,"18":0,"19":0,"20":0,"21":0,"22":0,"23":0,"24":0,"25":0,"26":0,"27":0,"28":0,"29":0,"30":0,"31":0,"32":0,"33":0,"34":0},"f":{"0":0,"1":0,"2":0,"3":0,"4":0,"5":0,"6":0,"7":0,"8":0,"9":0,"10":0,"11":0,"12":0,"13":0,"14":0},"b":{"0":[0,0],"1":[0,0],"2":[0,0],"3":[0,0],"4":[0,0],"5":[0,0],"6":[0,0],"7":[0,0],"8":[0,0],"9":[0,0],"10":[0,0],"11":[0,0,0],"12":[0,0],"13":[0,0],"14":[0,0],"15":[0,0]},"meta":{"lastBranch":16,"lastFunction":15,"lastStatement":35,"seen":{"f:14:9:14:Infinity":0,"b:18:2:24:Infinity:undefined:undefined:undefined:undefined":0,"s:18:2:24:Infinity":0,"b:18:6:18:22:18:22:18:29":1,"s:19:4:23:Infinity":1,"s:27:4:29:Infinity":2,"b:27:4:29:9:29:9:29:Infinity":2,"f:27:30:27:36":1,"s:28:6:28:Infinity":3,"f:28:24:28:30":2,"s:28:41:28:67":4,"s:31:4:33:Infinity":5,"b:31:4:33:9:33:9:33:Infinity":3,"f:31:29:31:35":3,"s:32:6:32:Infinity":6,"f:32:25:32:31":4,"s:32:43:32:70":7,"s:35:2:39:Infinity":8,"b:36:20:36:42:36:42:36:Infinity":4,"b:37:19:37:40:37:40:37:Infinity":5,"b:38:59:38:83:38:83:38:93":6,"b:38:120:38:143:38:143:38:154":7,"f:42:16:42:33":5,"s:47:23:47:Infinity":9,"s:48:23:48:Infinity":10,"s:49:18:49:Infinity":11,"s:50:25:50:Infinity":12,"s:51:24:51:Infinity":13,"s:52:18:52:Infinity":14,"b:54:2:56:Infinity:undefined:undefined:undefined:undefined":8,"s:54:2:56:Infinity":15,"b:54:6:54:17:54:17:54:24":9,"s:55:4:55:Infinity":16,"b:58:2:81:Infinity:undefined:undefined:undefined:undefined":10,"s:58:2:81:Infinity":17,"b:58:6:58:22:58:22:58:59:58:59:58:93":11,"s:59:4:79:Infinity":18,"s:83:26:83:Infinity":19,"f:83:52:83:58":6,"s:83:68:83:95":20,"s:84:25:84:Infinity":21,"f:84:50:84:56":7,"s:84:66:84:92":22,"f:86:17:86:30":8,"s:87:4:87:Infinity":23,"s:88:20:93:Infinity":24,"s:94:4:94:Infinity":25,"b:95:4:97:Infinity:undefined:undefined:undefined:undefined":12,"s:95:4:97:Infinity":26,"s:96:6:96:Infinity":27,"s:100:2:185:Infinity":28,"f:122:32:122:37":9,"s:123:14:123:Infinity":29,"f:133:14:133:25":10,"s:133:35:133:Infinity":30,"f:136:41:136:46":11,"s:137:16:139:Infinity":31,"f:147:14:147:25":12,"s:147:35:147:Infinity":32,"f:150:40:150:45":13,"s:151:16:153:Infinity":33,"b:160:10:164:Infinity:164:12:164:Infinity":13,"b:159:9:159:28:159:28:159:Infinity":14,"f:170:12:170:23":14,"s:170:33:170:Infinity":34,"b:181:23:181:38:181:38:181:Infinity":15}}}
,"/Users/prashantsharma/Personal-Project /SwapNet/src/components/feed/UserCard.tsx": {"path":"/Users/prashantsharma/Personal-Project /SwapNet/src/components/feed/UserCard.tsx","statementMap":{"0":{"start":{"line":16,"column":13},"end":{"line":160,"column":null}},"1":{"start":{"line":17,"column":23},"end":{"line":17,"column":null}},"2":{"start":{"line":19,"column":2},"end":{"line":158,"column":null}},"3":{"start":{"line":72,"column":12},"end":{"line":78,"column":null}},"4":{"start":{"line":90,"column":14},"end":{"line":90,"column":null}},"5":{"start":{"line":100,"column":14},"end":{"line":100,"column":null}},"6":{"start":{"line":133,"column":18},"end":{"line":136,"column":null}},"7":{"start":{"line":143,"column":54},"end":{"line":143,"column":null}}},"fnMap":{"0":{"name":"UserCard","decl":{"start":{"line":16,"column":38},"end":{"line":16,"column":47}},"loc":{"start":{"line":16,"column":90},"end":{"line":160,"column":1}},"line":16},"1":{"name":"(anonymous_1)","decl":{"start":{"line":71,"column":37},"end":{"line":71,"column":42}},"loc":{"start":{"line":72,"column":12},"end":{"line":78,"column":null}},"line":72},"2":{"name":"(anonymous_2)","decl":{"start":{"line":89,"column":32},"end":{"line":89,"column":37}},"loc":{"start":{"line":90,"column":14},"end":{"line":90,"column":null}},"line":90},"3":{"name":"(anonymous_3)","decl":{"start":{"line":99,"column":31},"end":{"line":99,"column":36}},"loc":{"start":{"line":100,"column":14},"end":{"line":100,"column":null}},"line":100},"4":{"name":"(anonymous_4)","decl":{"start":{"line":132,"column":16},"end":{"line":132,"column":31}},"loc":{"start":{"line":132,"column":31},"end":{"line":137,"column":null}},"line":132},"5":{"name":"(anonymous_5)","decl":{"start":{"line":143,"column":39},"end":{"line":143,"column":54}},"loc":{"start":{"line":143,"column":54},"end":{"line":143,"column":null}},"line":143}},"branchMap":{"0":{"loc":{"start":{"line":31,"column":15},"end":{"line":31,"column":null}},"type":"cond-expr","locations":[{"start":{"line":31,"column":47},"end":{"line":31,"column":null}},{"start":{"line":31,"column":91},"end":{"line":31,"column":null}}],"line":31},"1":{"loc":{"start":{"line":32,"column":15},"end":{"line":32,"column":null}},"type":"cond-expr","locations":[{"start":{"line":32,"column":36},"end":{"line":32,"column":null}},{"start":{"line":32,"column":76},"end":{"line":32,"column":null}}],"line":32},"2":{"loc":{"start":{"line":33,"column":15},"end":{"line":33,"column":null}},"type":"cond-expr","locations":[{"start":{"line":33,"column":53},"end":{"line":33,"column":null}},{"start":{"line":33,"column":94},"end":{"line":33,"column":null}}],"line":33},"3":{"loc":{"start":{"line":66,"column":23},"end":{"line":66,"column":null}},"type":"cond-expr","locations":[{"start":{"line":66,"column":55},"end":{"line":66,"column":65}},{"start":{"line":66,"column":65},"end":{"line":66,"column":null}}],"line":66},"4":{"loc":{"start":{"line":66,"column":65},"end":{"line":66,"column":null}},"type":"cond-expr","locations":[{"start":{"line":66,"column":94},"end":{"line":66,"column":103}},{"start":{"line":66,"column":103},"end":{"line":66,"column":null}}],"line":66},"5":{"loc":{"start":{"line":129,"column":11},"end":{"line":154,"column":null}},"type":"cond-expr","locations":[{"start":{"line":130,"column":12},"end":{"line":149,"column":13}},{"start":{"line":149,"column":12},"end":{"line":154,"column":null}}],"line":129}},"s":{"0":0,"1":0,"2":0,"3":0,"4":0,"5":0,"6":0,"7":0},"f":{"0":0,"1":0,"2":0,"3":0,"4":0,"5":0},"b":{"0":[0,0],"1":[0,0],"2":[0,0],"3":[0,0],"4":[0,0],"5":[0,0]},"meta":{"lastBranch":6,"lastFunction":6,"lastStatement":8,"seen":{"s:16:13:160:Infinity":0,"f:16:38:16:47":0,"s:17:23:17:Infinity":1,"s:19:2:158:Infinity":2,"b:31:47:31:Infinity:31:91:31:Infinity":0,"b:32:36:32:Infinity:32:76:32:Infinity":1,"b:33:53:33:Infinity:33:94:33:Infinity":2,"b:66:55:66:65:66:65:66:Infinity":3,"b:66:94:66:103:66:103:66:Infinity":4,"f:71:37:71:42":1,"s:72:12:78:Infinity":3,"f:89:32:89:37":2,"s:90:14:90:Infinity":4,"f:99:31:99:36":3,"s:100:14:100:Infinity":5,"b:130:12:149:13:149:12:154:Infinity":5,"f:132:16:132:31":4,"s:133:18:136:Infinity":6,"f:143:39:143:54":5,"s:143:54:143:Infinity":7}}}
,"/Users/prashantsharma/Personal-Project /SwapNet/src/components/layout/AppShell.tsx": {"path":"/Users/prashantsharma/Personal-Project /SwapNet/src/components/layout/AppShell.tsx","statementMap":{"0":{"start":{"line":19,"column":17},"end":{"line":24,"column":null}},"1":{"start":{"line":27,"column":8},"end":{"line":27,"column":null}},"2":{"start":{"line":28,"column":31},"end":{"line":28,"column":null}},"3":{"start":{"line":29,"column":23},"end":{"line":29,"column":null}},"4":{"start":{"line":31,"column":2},"end":{"line":211,"column":null}},"5":{"start":{"line":39,"column":29},"end":{"line":39,"column":null}},"6":{"start":{"line":40,"column":31},"end":{"line":40,"column":null}},"7":{"start":{"line":41,"column":16},"end":{"line":54,"column":null}},"8":{"start":{"line":58,"column":30},"end":{"line":64,"column":null}},"9":{"start":{"line":121,"column":34},"end":{"line":127,"column":null}},"10":{"start":{"line":135,"column":34},"end":{"line":141,"column":null}},"11":{"start":{"line":149,"column":34},"end":{"line":155,"column":null}},"12":{"start":{"line":165,"column":22},"end":{"line":165,"column":null}},"13":{"start":{"line":191,"column":25},"end":{"line":191,"column":null}},"14":{"start":{"line":192,"column":27},"end":{"line":192,"column":null}},"15":{"start":{"line":193,"column":12},"end":{"line":206,"column":null}}},"fnMap":{"0":{"name":"AppShell","decl":{"start":{"line":26,"column":16},"end":{"line":26,"column":27}},"loc":{"start":{"line":26,"column":27},"end":{"line":213,"column":null}},"line":26},"1":{"name":"(anonymous_1)","decl":{"start":{"line":38,"column":24},"end":{"line":38,"column":29}},"loc":{"start":{"line":38,"column":38},"end":{"line":56,"column":15}},"line":38},"2":{"name":"(anonymous_2)","decl":{"start":{"line":58,"column":16},"end":{"line":58,"column":28}},"loc":{"start":{"line":58,"column":30},"end":{"line":64,"column":null}},"line":58},"3":{"name":"(anonymous_3)","decl":{"start":{"line":121,"column":20},"end":{"line":121,"column":32}},"loc":{"start":{"line":121,"column":34},"end":{"line":127,"column":null}},"line":121},"4":{"name":"(anonymous_4)","decl":{"start":{"line":135,"column":20},"end":{"line":135,"column":32}},"loc":{"start":{"line":135,"column":34},"end":{"line":141,"column":null}},"line":135},"5":{"name":"(anonymous_5)","decl":{"start":{"line":149,"column":20},"end":{"line":149,"column":32}},"loc":{"start":{"line":149,"column":34},"end":{"line":155,"column":null}},"line":149},"6":{"name":"(anonymous_6)","decl":{"start":{"line":164,"column":20},"end":{"line":164,"column":35}},"loc":{"start":{"line":164,"column":35},"end":{"line":166,"column":null}},"line":164},"7":{"name":"(anonymous_7)","decl":{"start":{"line":190,"column":82},"end":{"line":190,"column":87}},"loc":{"start":{"line":190,"column":96},"end":{"line":208,"column":11}},"line":190}},"branchMap":{"0":{"loc":{"start":{"line":29,"column":23},"end":{"line":29,"column":null}},"type":"cond-expr","locations":[{"start":{"line":29,"column":37},"end":{"line":29,"column":74}},{"start":{"line":29,"column":74},"end":{"line":29,"column":null}}],"line":29},"1":{"loc":{"start":{"line":36,"column":25},"end":{"line":36,"column":60}},"type":"cond-expr","locations":[{"start":{"line":36,"column":39},"end":{"line":36,"column":54}},{"start":{"line":36,"column":54},"end":{"line":36,"column":60}}],"line":36},"2":{"loc":{"start":{"line":45,"column":22},"end":{"line":47,"column":null}},"type":"cond-expr","locations":[{"start":{"line":46,"column":26},"end":{"line":46,"column":null}},{"start":{"line":47,"column":26},"end":{"line":47,"column":null}}],"line":45},"3":{"loc":{"start":{"line":61,"column":20},"end":{"line":63,"column":null}},"type":"cond-expr","locations":[{"start":{"line":62,"column":24},"end":{"line":62,"column":null}},{"start":{"line":63,"column":24},"end":{"line":63,"column":null}}],"line":61},"4":{"loc":{"start":{"line":68,"column":17},"end":{"line":77,"column":17}},"type":"cond-expr","locations":[{"start":{"line":69,"column":18},"end":{"line":75,"column":19}},{"start":{"line":75,"column":18},"end":{"line":77,"column":17}}],"line":68},"5":{"loc":{"start":{"line":77,"column":23},"end":{"line":77,"column":75}},"type":"binary-expr","locations":[{"start":{"line":77,"column":23},"end":{"line":77,"column":59}},{"start":{"line":77,"column":59},"end":{"line":77,"column":75}}],"line":77},"6":{"loc":{"start":{"line":93,"column":15},"end":{"line":97,"column":null}},"type":"cond-expr","locations":[{"start":{"line":94,"column":16},"end":{"line":97,"column":null}},{"start":{"line":97,"column":18},"end":{"line":97,"column":null}}],"line":93},"7":{"loc":{"start":{"line":100,"column":13},"end":{"line":174,"column":null}},"type":"cond-expr","locations":[{"start":{"line":101,"column":14},"end":{"line":174,"column":null}},{"start":{"line":174,"column":16},"end":{"line":174,"column":null}}],"line":100},"8":{"loc":{"start":{"line":124,"column":24},"end":{"line":126,"column":null}},"type":"cond-expr","locations":[{"start":{"line":125,"column":28},"end":{"line":125,"column":null}},{"start":{"line":126,"column":28},"end":{"line":126,"column":null}}],"line":124},"9":{"loc":{"start":{"line":138,"column":24},"end":{"line":140,"column":null}},"type":"cond-expr","locations":[{"start":{"line":139,"column":28},"end":{"line":139,"column":null}},{"start":{"line":140,"column":28},"end":{"line":140,"column":null}}],"line":138},"10":{"loc":{"start":{"line":152,"column":24},"end":{"line":154,"column":null}},"type":"cond-expr","locations":[{"start":{"line":153,"column":28},"end":{"line":153,"column":null}},{"start":{"line":154,"column":28},"end":{"line":154,"column":null}}],"line":152},"11":{"loc":{"start":{"line":197,"column":18},"end":{"line":199,"column":null}},"type":"cond-expr","locations":[{"start":{"line":198,"column":22},"end":{"line":198,"column":null}},{"start":{"line":199,"column":22},"end":{"line":199,"column":null}}],"line":197}},"s":{"0":0,"1":0,"2":0,"3":0,"4":0,"5":0,"6":0,"7":0,"8":0,"9":0,"10":0,"11":0,"12":0,"13":0,"14":0,"15":0},"f":{"0":0,"1":0,"2":0,"3":0,"4":0,"5":0,"6":0,"7":0},"b":{"0":[0,0],"1":[0,0],"2":[0,0],"3":[0,0],"4":[0,0],"5":[0,0],"6":[0,0],"7":[0,0],"8":[0,0],"9":[0,0],"10":[0,0],"11":[0,0]},"meta":{"lastBranch":12,"lastFu
[...]
ne":193},"19":{"loc":{"start":{"line":193,"column":44},"end":{"line":193,"column":null}},"type":"cond-expr","locations":[{"start":{"line":193,"column":58},"end":{"line":193,"column":67}},{"start":{"line":193,"column":67},"end":{"line":193,"column":null}}],"line":193},"20":{"loc":{"start":{"line":217,"column":8},"end":{"line":218,"column":null}},"type":"binary-expr","locations":[{"start":{"line":217,"column":8},"end":{"line":217,"column":null}},{"start":{"line":218,"column":9},"end":{"line":218,"column":38}},{"start":{"line":218,"column":38},"end":{"line":218,"column":null}}],"line":217},"21":{"loc":{"start":{"line":220,"column":19},"end":{"line":227,"column":null}},"type":"cond-expr","locations":[{"start":{"line":221,"column":8},"end":{"line":226,"column":null}},{"start":{"line":227,"column":8},"end":{"line":227,"column":null}}],"line":220},"22":{"loc":{"start":{"line":232,"column":10},"end":{"line":232,"column":null}},"type":"cond-expr","locations":[{"start":{"line":232,"column":26},"end":{"line":232,"column":42}},{"start":{"line":232,"column":42},"end":{"line":232,"column":null}}],"line":232},"23":{"loc":{"start":{"line":233,"column":10},"end":{"line":233,"column":null}},"type":"cond-expr","locations":[{"start":{"line":233,"column":48},"end":{"line":233,"column":66}},{"start":{"line":233,"column":66},"end":{"line":233,"column":null}}],"line":233},"24":{"loc":{"start":{"line":250,"column":13},"end":{"line":250,"column":null}},"type":"cond-expr","locations":[{"start":{"line":250,"column":51},"end":{"line":250,"column":55}},{"start":{"line":250,"column":55},"end":{"line":250,"column":null}}],"line":250},"25":{"loc":{"start":{"line":259,"column":2},"end":{"line":261,"column":null}},"type":"if","locations":[{"start":{"line":259,"column":2},"end":{"line":261,"column":null}},{"start":{},"end":{}}],"line":259},"26":{"loc":{"start":{"line":266,"column":4},"end":{"line":266,"column":null}},"type":"if","locations":[{"start":{"line":266,"column":4},"end":{"line":266,"column":null}},{"start":{},"end":{}}],"line":266},"27":{"loc":{"start":{"line":267,"column":21},"end":{"line":267,"column":null}},"type":"binary-expr","locations":[{"start":{"line":267,"column":21},"end":{"line":267,"column":55}},{"start":{"line":267,"column":55},"end":{"line":267,"column":null}}],"line":267},"28":{"loc":{"start":{"line":277,"column":4},"end":{"line":284,"column":null}},"type":"if","locations":[{"start":{"line":277,"column":4},"end":{"line":284,"column":null}},{"start":{},"end":{}}],"line":277},"29":{"loc":{"start":{"line":278,"column":6},"end":{"line":280,"column":null}},"type":"binary-expr","locations":[{"start":{"line":278,"column":6},"end":{"line":278,"column":null}},{"start":{"line":279,"column":6},"end":{"line":279,"column":null}},{"start":{"line":280,"column":6},"end":{"line":280,"column":null}}],"line":278},"30":{"loc":{"start":{"line":282,"column":23},"end":{"line":282,"column":null}},"type":"binary-expr","locations":[{"start":{"line":282,"column":23},"end":{"line":282,"column":61}},{"start":{"line":282,"column":61},"end":{"line":282,"column":null}}],"line":282},"31":{"loc":{"start":{"line":283,"column":43},"end":{"line":283,"column":87}},"type":"binary-expr","locations":[{"start":{"line":283,"column":43},"end":{"line":283,"column":82}},{"start":{"line":283,"column":82},"end":{"line":283,"column":87}}],"line":283},"32":{"loc":{"start":{"line":289,"column":7},"end":{"line":291,"column":null}},"type":"binary-expr","locations":[{"start":{"line":290,"column":9},"end":{"line":290,"column":44}},{"start":{"line":290,"column":44},"end":{"line":290,"column":null}},{"start":{"line":291,"column":8},"end":{"line":291,"column":null}}],"line":289},"33":{"loc":{"start":{"line":295,"column":24},"end":{"line":295,"column":null}},"type":"cond-expr","locations":[{"start":{"line":295,"column":58},"end":{"line":295,"column":76}},{"start":{"line":295,"column":76},"end":{"line":295,"column":null}}],"line":295},"34":{"loc":{"start":{"line":297,"column":8},"end":{"line":299,"column":null}},"type":"binary-expr","locations":[{"start":{"line":297,"column":8},"end":{"line":297,"column":null}},{"start":{"line":298,"column":8},"end":{"line":298,"column":null}},{"start":{"line":299,"column":8},"end":{"line":299,"column":null}}],"line":297},"35":{"loc":{"start":{"line":311,"column":19},"end":{"line":311,"column":null}},"type":"binary-expr","locations":[{"start":{"line":311,"column":19},"end":{"line":311,"column":45}},{"start":{"line":311,"column":45},"end":{"line":311,"column":null}}],"line":311},"36":{"loc":{"start":{"line":312,"column":17},"end":{"line":312,"column":null}},"type":"binary-expr","locations":[{"start":{"line":312,"column":17},"end":{"line":312,"column":41}},{"start":{"line":312,"column":41},"end":{"line":312,"column":null}}],"line":312},"37":{"loc":{"start":{"line":313,"column":22},"end":{"line":313,"column":null}},"type":"cond-expr","locations":[{"start":{"line":313,"column":52},"end":{"line":313,"column":71}},{"start":{"line":313,"column":71},"end":{"line":313,"column":null}}],"line":313},"38":{"loc":{"start":{"line":314,"column":16},"end":{"line":314,"column":null}},"type":"cond-expr","locations":[{"start":{"line":314,"column":47},"end":{"line":314,"column":72}},{"start":{"line":314,"column":72},"end":{"line":314,"column":null}}],"line":314},"39":{"loc":{"start":{"line":315,"column":21},"end":{"line":315,"column":null}},"type":"binary-expr","locations":[{"start":{"line":315,"column":21},"end":{"line":315,"column":61}},{"start":{"line":315,"column":61},"end":{"line":315,"column":99}},{"start":{"line":315,"column":99},"end":{"line":315,"column":null}}],"line":315},"40":{"loc":{"start":{"line":321,"column":7},"end":{"line":323,"column":null}},"type":"binary-expr","locations":[{"start":{"line":322,"column":9},"end":{"line":322,"column":47}},{"start":{"line":322,"column":47},"end":{"line":322,"column":null}},{"start":{"line":323,"column":8},"end":{"line":323,"column":null}}],"line":321},"41":{"loc":{"start":{"line":327,"column":24},"end":{"line":327,"column":null}},"type":"cond-expr","locations":[{"start":{"line":327,"column":61},"end":{"line":327,"column":82}},{"start":{"line":327,"column":82},"end":{"line":327,"column":null}}],"line":327},"42":{"loc":{"start":{"line":329,"column":8},"end":{"line":331,"column":null}},"type":"binary-expr","locations":[{"start":{"line":329,"column":8},"end":{"line":329,"column":null}},{"start":{"line":330,"column":8},"end":{"line":330,"column":null}},{"start":{"line":331,"column":8},"end":{"line":331,"column":null}}],"line":329},"43":{"loc":{"start":{"line":343,"column":19},"end":{"line":343,"column":null}},"type":"binary-expr","locations":[{"start":{"line":343,"column":19},"end":{"line":343,"column":45}},{"start":{"line":343,"column":45},"end":{"line":343,"column":null}}],"line":343},"44":{"loc":{"start":{"line":344,"column":17},"end":{"line":344,"column":null}},"type":"binary-expr","locations":[{"start":{"line":344,"column":17},"end":{"line":344,"column":41}},{"start":{"line":344,"column":41},"end":{"line":344,"column":null}}],"line":344},"45":{"loc":{"start":{"line":348,"column":10},"end":{"line":348,"column":null}},"type":"binary-expr","locations":[{"start":{"line":348,"column":10},"end":{"line":348,"column":50}},{"start":{"line":348,"column":50},"end":{"line":348,"column":91}},{"start":{"line":348,"column":91},"end":{"line":348,"column":null}}],"line":348},"46":{"loc":{"start":{"line":359,"column":29},"end":{"line":359,"column":null}},"type":"binary-expr","locations":[{"start":{"line":359,"column":29},"end":{"line":359,"column":57}},{"start":{"line":359,"column":57},"end":{"line":359,"column":null}}],"line":359},"47":{"loc":{"start":{"line":365,"column":7},"end":{"line":365,"column":26}},"type":"binary-expr","locations":[{"start":{"line":365,"column":7},"end":{"line":365,"column":22}},{"start":{"line":365,"column":22},"end":{"line":365,"column":26}}],"line":365},"48":{"loc":{"start":{"line":367,"column":22},"end":{"line":367,"column":null}},"type":"binary-expr","locations":[{"start":{"line":367,"column":22},"end":{"line":367,"column":43}},{"start":{"line":367,"column":43},"end":{"line":367,"column":null}}],"line":367},"49":{"loc":{"start":{"line":368,"column":16},"end":{"line":368,"column":null}},"type":"binary-expr","locations":[{"start":{"line":368,"column":16},"end":{"line":368,"column":31}},{"start":{"line":368,"column":31},"end":{"line":368,"column":null}}],"line":368},"50":{"loc":{"start":{"line":370,"column":6},"end":{"line":370,"column":null}},"type":"binary-expr","locations":[{"start":{"line":370,"column":6},"end":{"line":370,"column":28}},{"start":{"line":370,"column":28},"end":{"line":370,"column":null}}],"line":370},"51":{"loc":{"start":{"line":371,"column":6},"end":{"line":371,"column":null}},"type":"binary-expr","locations":[{"start":{"line":371,"column":6},"end":{"line":371,"column":23}},{"start":{"line":371,"column":23},"end":{"line":371,"column":null}}],"line":371},"52":{"loc":{"start":{"line":373,"column":15},"end":{"line":373,"column":37}},"type":"binary-expr","locations":[{"start":{"line":373,"column":15},"end":{"line":373,"column":33}},{"start":{"line":373,"column":33},"end":{"line":373,"column":37}}],"line":373},"53":{"loc":{"start":{"line":375,"column":16},"end":{"line":379,"column":null}},"type":"cond-expr","locations":[{"start":{"line":376,"column":10},"end":{"line":376,"column":null}},{"start":{"line":377,"column":10},"end":{"line":379,"column":null}}],"line":375},"54":{"loc":{"start":{"line":377,"column":10},"end":{"line":379,"column":null}},"type":"cond-expr","locations":[{"start":{"line":378,"column":12},"end":{"line":378,"column":null}},{"start":{"line":379,"column":12},"end":{"line":379,"column":null}}],"line":377},"55":{"loc":{"start":{"line":379,"column":12},"end":{"line":379,"column":null}},"type":"binary-expr","locations":[{"start":{"line":379,"column":12},"end":{"line":379,"column":32}},{"start":{"line":379,"column":32},"end":{"line":379,"column":null}}],"line":379},"56":{"loc":{"start":{"line":389,"column":2},"end":{"line":391,"column":null}},"type":"if","locations":[{"start":{"line":389,"column":2},"end":{"line":391,"column":null}},{"start":{},"end":{}}],"line":389},"57":{"loc":{"start":{"line":409,"column":20},"end":{"line":409,"column":null}},"type":"cond-expr","locations":[{"start":{"line":409,"column":54},"end":{"line":409,"column":72}},{"start":{"line":409,"column":72},"end":{"line":409,"column":null}}],"line":409},"58":{"loc":{"start":{"line":410,"column":9},"end":{"line":410,"column":null}},"type":"binary-expr","locations":[{"start":{"line":410,"column":9},"end":{"line":410,"column":56}},{"start":{"line":410,"column":56},"end":{"line":410,"column":null}}],"line":410}},"s":{"0":1,"1":1,"2":0,"3":3,"4":3,"5":0,"6":0,"7":0,"8":0,"9":0,"10":0,"11":3,"12":0,"13":0,"14":0,"15":0,"16":0,"17":0,"18":0,"19":0,"20":0,"21":0,"22":0,"23":0,"24":0,"25":0,"26":0,"27":0,"28":0,"29":0,"30":0,"31":0,"32":0,"33":0,"34":0,"35":0,"36":0,"37":0,"38":0,"39":0,"40":0,"41":0,"42":0,"43":0,"44":0,"45":0,"46":0,"47":0,"48":0,"49":0,"50":0,"51":0,"52":0,"53":0,"54":0,"55":0,"56":0,"57":0,"58":0,"59":0,"60":0,"61":0,"62":0,"63":0,"64":0,"65":0,"66":0,"67":0,"68":0,"69":0,"70":0,"71":0,"72":0,"73":0,"74":0,"75":0,"76":0,"77":0,"78":0,"79":0,"80":0,"81":0,"82":0,"83":0,"84":0,"85":0,"86":0,"87":0,"88":0,"89":0,"90":0,"91":0,"92":0,"93":0,"94":0,"95":0,"96":0,"97":0,"98":0,"99":0,"100":0,"101":0,"102":0,"103":0,"104":0,"105":0,"106":0,"107":0,"108":0,"109":0,"110":0,"111":0,"112":0,"113":0,"114":0,"115":0},"f":{"0":0,"1":3,"2":3,"3":0,"4":0,"5":3,"6":0,"7":0,"8":0,"9":0,"10":0,"11":0,"12":0,"13":0,"14":0,"15":0,"16":0,"17":0,"18":0,"19":0,"20":0,"21":0,"22":0,"23":0,"24":0,"25":0,"26":0,"27":0,"28":0,"29":0,"30":0,"31":0,"32":0,"33":0,"34":0,"35":0,"36":0,"37":0,"38":0,"39":0,"40":0,"41":0,"42":0,"43":0,"44":0,"45":0,"46":0,"47":0,"48":0,"49":0,"50":0,"51":0,"52":0,"53":0,"54":0},"b":{"0":[0,0],"1":[0,0],"2":[0],"3":[0,0],"4":[0,0],"5":[0,0],"6":[0,0],"7":[0,0],"8":[0,0],"9":[0,0,0],"10":[0,0],"11":[0,0],"12":[0,0],"13":[0,0],"14":[0,0],"15":[0,0],"16":[0,0],"17":[0,0],"18":[0,0],"19":[0,0],"20":[0,0,0],"21":[0,0],"22":[0,0],"23":[0,0],"24":[0,0],"25":[0,0],"26":[0,0],"27":[0,0],"28":[0,0],"29":[0,0,0],"30":[0,0],"31":[0,0],"32":[0,0,0],"33":[0,0],"34":[0,0,0],"35":[0,0],"36":[0,0],"37":[0,0],"38":[0,0],"39":[0,0,0],"40":[0,0,0],"41":[0,0],"42":[0,0,0],"43":[0,0],"44":[0,0],"45":[0,0,0],"46":[0,0],"47":[0,0],"48":[0,0],"49":[0,0],"50":[0,0],"51":[0,0],"52":[0,0],"53":[0,0],"54":[0,0],"55":[0,0],"56":[0,0],"57":[0,0],"58":[0,0]},"meta":{"lastBranch":59,"lastFunction":55,"lastStatement":116,"seen":{"s:14:27:14:Infinity":0,"s:15:33:15:Infinity":1,"f:17:16:17:25":0,"s:18:2:18:Infinity":2,"f:21:16:21:35":1,"s:22:2:22:Infinity":3,"f:25:16:25:41":2,"s:26:2:26:Infinity":4,"f:29:16:29:31":3,"b:30:2:35:Infinity:undefined:undefined:undefined:undefined":0,"s:30:2:35:Infinity":5,"s:31:4:34:Infinity":6,"b:37:2:42:Infinity:undefined:undefined:undefined:undefined":1,"s:37:2:42:Infinity":7,"s:38:4:41:Infinity":8,"s:44:2:44:Infinity":9,"f:47:16:47:24":4,"s:48:2:52:Infinity":10,"f:55:16:55:35":5,"s:56:2:56:Infinity":11,"f:59:16:59:32":6,"s:60:2:60:Infinity":12,"f:63:16:63:35":7,"s:64:2:64:Infinity":13,"f:67:16:67:34":8,"s:68:17:78:Infinity":14,"s:80:2:80:Infinity":15,"f:83:16:83:30":9,"s:84:2:84:Infinity":16,"f:84:16:84:21":10,"s:84:31:84:61":17,"f:87:16:87:33":11,"b:87:69:87:73":2,"s:88:2:88:Infinity":18,"f:91:9:91:23":12,"s:92:2:92:Infinity":19,"f:95:9:95:26":13,"s:96:25:96:Infinity":20,"s:97:2:101:Infinity":21,"f:99:7:99:15":14,"s:99:25:99:75":22,"f:100:7:100:12":15,"s:100:22:100:32":23,"f:104:9:104:26":16,"s:105:30:105:Infinity":24,"f:105:48:105:53":17,"s:105:63:105:77":25,"s:106:2:110:Infinity":26,"f:108:7:108:15":18,"s:108:25:108:64":27,"f:109:7:109:12":19,"s:109:22:109:36":28,"f:113:9:113:29":20,"s:114:25:114:Infinity":29,"s:115:2:115:Infinity":30,"f:115:17:115:25":21,"s:115:34:115:58":31,"f:118:16:118:Infinity":22,"b:122:2:143:Infinity:undefined:undefined:undefined:undefined":3,"s:122:2:143:Infinity":32,"b:122:6:122:22:122:22:122:55":4,"s:123:21:130:Infinity":33,"b:128:54:128:58:128:58:128:Infinity":5,"s:132:4:142:Infinity":34,"b:134:34:134:43:134:43:134:Infinity":6,"b:138:41:138:67:138:67:138:Infinity":7,"s:145:29:145:Infinity":35,"s:146:29:146:Infinity":36,"s:147:30:147:Infinity":37,"s:148:30:148:Infinity":38,"s:149:29:149:Infinity":39,"s:150:19:150:Infinity":40,"s:151:22:151:Infinity":41,"s:152:22:152:Infinity":42,"s:154:4:158:Infinity":43,"b:157:8:157:Infinity:158:8:158:Infinity":8,"b:154:4:154:Infinity:155:4:155:Infinity:156:4:156:Infinity":9,"s:160:16:171:Infinity":44,"b:166:35:166:39:166:39:166:Infinity":10,"b:167:18:167:22:167:22:167:Infinity":11,"b:170:21:170:25:170:25:170:Infinity":12,"s:173:18:190:Infinity":45,"f:175:28:175:33":23,"s:175:43:175:83":46,"f:176:28:176:33":24,"s:176:43:176:83":47,"f:178:9:178:17":25,"s:178:30:178:85":48,"f:178:50:178:56":26,"s:178:66:178:84":49,"f:179:9:179:14":27,"s:179:27:179:97":50,"f:181:9:181:17":28,"s:181:30:181:85":51,"f:181:50:181:56":29,"s:181:66:181:84":52,"f:182:9:182:14":30,"s:182:27:182:89":53,"b:184:10:184:Infinity:185:10:185:Infinity":13,"b:186:21:186:59:186:59:186:Infinity":14,"b:187:24:187:48:187:48:187:Infinity":15,"b:188:24:188:46:188:46:188:Infinity":16,"s:192:20:192:Infinity":54,"b:192:20:192:53:192:53:192:Infinity":17,"s:193:20:193:Infinity":55,"b:193:32:193:44:193:44:193:Infinity":18,"b:193:58:193:67:193:67:193:Infinity":19,"s:195:2:205:Infinity":56,"f:208:16:208:Infinity":31,"s:213:2:255:Infinity":57,"f:213:15:213:20":32,"s:214:24:214:Infinity":58,"f:214:32:214:40":33,"s:214:51:214:80":59,"s:215:22:219:Infinity":60,"f:215:35:215:Infinity":34,"s:217:8:218:Infinity":61,"b:217:8:217:Infinity:218:9:218:38:218:38:218:Infinity":20,"s:220:19:227:Infinity":62,"b:221:8:226:Infinity:227:8:227:Infinity":21,"f:223:24:223:32":35,"s:223:48:223:69":63,"s:229:24:229:Infinity":64,"s:230:25:230:Infinity":65,"s:231:26:234:Infinity":66,"b:232:26:232:42:232:42:232:Infinity":22,"b:233:48:233:66:233:66:233:Infinity":23,"s:236:4:254:Infinity":67,"b:250:51:250:55:250:55:250:Infinity":24,"f:258:16:258:36":36,"b:259:2:261:Infinity:undefined:undefined:undefined:undefined":25,"s:259:2:261:Infinity":68,"s:260:4:260:Infinity":69,"s:263:27:263:Infinity":70,"s:264:2:273:Infinity":71,"s:265:21:265:Infinity":72,"b:266:4:266:Infinity:undefined:undefined:undefined:undefined":26,"s:266:4:266:Infinity":73,"s:266:19:266:Infinity":74,"s:267:21:267:Infinity":75,"b:267:21:267:55:267:55:267:Infinity":27,"s:268:4:271:Infinity":76,"s:272:4:272:Infinity":77,"s:275:32:275:Infinity":78,"s:276:2:285:Infinity":79,"b:277:4:284:Infinity:undefined:undefined:undefined:undefined":28,"s:277:4:284:Infinity":80,"b:278:6:278:Infinity:279:6:279:Infinity:280:6:280:Infinity":29,"s:282:23:282:Infinity":81,"b:282:23:282:61:282:61:282:Infinity":30,"s:283:6:283:Infinity":82,"b:283:43:283:82:283:82:283:87":31,"s:287:39:317:Infinity":83,"f:288:5:288:Infinity":37,"s:289:7:291:Infinity":84,"b:290:9:290:44:290:44:290:Infinity:291:8:291:Infinity":32,"f:293:5:293:10":38,"s:294:24:294:Infinity":85,"s:295:24:295:Infinity":86,"b:295:58:295:76:295:76:295:Infinity":33,"s:296:12:303:Infinity":87,"b:297:8:297:Infinity:298:8:298:Infinity:299:8:299:Infinity":34,"f:300:8:300:Infinity":39,"s:302:10:302:Infinity":88,"s:304:26:304:Infinity":89,"s:306:6:316:Infinity":90,"b:311:19:311:45:311:45:311:Infinity":35,"b:312:17:312:41:312:41:312:Infinity":36,"b:313:52:313:71:313:71:313:Infinity":37,"b:314:47:314:72:314:72:314:Infinity":38,"b:315:21:315:61:315:61:315:99:315:99:315:Infinity":39,"s:319:45:350:Infinity":91,"f:320:5:320:Infinity":40,"s:321:7:323:Infinity":92,"b:322:9:322:47:322:47:322:Infinity:323:8:323:Infinity":40,"f:325:5:325:10":41,"s:326:24:326:Infinity":93,"s:327:24:327:Infinity":94,"b:327:61:327:82:327:82:327:Infinity":41,"s:328:12:335:Infinity":95,"b:329:8:329:Infinity:330:8:330:Infinity:331:8:331:Infinity":42,"f:332:8:332:Infinity":42,"s:334:10:334:Infinity":96,"s:336:26:336:Infinity":97,"s:338:6:349:Infinity":98,"b:343:19:343:45:343:45:343:Infinity":43,"b:344:17:344:41:344:41:344:Infinity":44,"b:348:10:348:50:348:50:348:91:348:91:348:Infinity":45,"s:352:2:355:Infinity":99,"f:352:48:352:Infinity":43,"s:354:6:354:Infinity":100,"f:358:16:358:29":44,"s:359:29:359:Infinity":101,"b:359:29:359:57:359:57:359:Infinity":46,"s:361:2:381:Infinity":102,"b:365:7:365:22:365:22:365:26":47,"f:365:26:365:31":45,"s:365:41:369:8":103,"b:367:22:367:43:367:43:367:Infinity":48,"b:368:16:368:31:368:31:368:Infinity":49,"b:370:6:370:28:370:28:370:Infinity":50,"b:371:6:371:23:371:23:371:Infinity":51,"b:373:15:373:33:373:33:373:37":52,"f:373:37:373:42":46,"s:373:55:380:6":104,"b:376:10:376:Infinity:377:10:379:Infinity":53,"b:378:12:378:Infinity:379:12:379:Infinity":54,"b:379:12:379:32:379:32:379:Infinity":55,"f:384:16:384:27":47,"s:385:2:385:Infinity":105,"f:388:16:388:30":48,"b:389:2:391:Infinity:undefined:undefined:undefined:undefined":56,"s:389:2:391:Infinity":106,"s:390:4:390:Infinity":107,"s:393:2:393:Infinity":108,"f:396:16:396:29":49,"s:397:2:397:Infinity":109,"f:397:34:397:39":50,"s:397:48:397:57":110,"f:400:16:400:37":51,"s:401:2:401:Infinity":111,"f:401:35:401:40":52,"s:401:50:401:64":112,"f:404:16:404:Infinity":53,"s:409:20:409:Infinity":113,"b:409:54:409:72:409:72:409:Infinity":57,"s:410:2:410:Infinity":114,"b:410:9:410:56:410:56:410:Infinity":58,"f:410:15:410:21":54,"s:410:30:410:51":115}}}
,"/Users/prashantsharma/Personal-Project /SwapNet/src/utils/cn.ts": {"path":"/Users/prashantsharma/Personal-Project /SwapNet/src/utils/cn.ts","statementMap":{"0":{"start":{"line":5,"column":2},"end":{"line":5,"column":null}}},"fnMap":{"0":{"name":"cn","decl":{"start":{"line":4,"column":16},"end":{"line":4,"column":19}},"loc":{"start":{"line":4,"column":44},"end":{"line":6,"column":null}},"line":4}},"branchMap":{},"s":{"0":0},"f":{"0":0},"b":{},"meta":{"lastBranch":0,"lastFunction":1,"lastStatement":1,"seen":{"f:4:16:4:19":0,"s:5:2:5:Infinity":0}}}
}
